[10:40:38] <<<                   魹ｽ魹ｽ魹ｽ魹ｽ魹ｽ魹ｽ魹ｽ魹ｽ魹ｽ魹ｽ魹ｽ魹ｽ魹ｽ魹ｽ魹ｽ魹ｽ魹ｽ
[10:40:38] <<<                 魹ｽ魹ｽ 魹ｽ魹ｽﾑｩ魹ｽ魹ｽ魹ｽ魹ｽ魹ｽ魹ｽ魹ｽﾂｹ魹ｽ魹ｽﾐｦ魹ｽ魹ｽ魹ｽ魹ｽ魹ｽ魹ｽ魹ｽﾐｱ魹ｽﾔｧ 魹ｽ魹ｽ
[10:40:38] <<<       	          魹ｽ魹ｽ魹ｽ魹ｽ魹ｽ魹ｽ魹ｽ魹ｽ魹ｽ魹ｽ魹ｽ魹ｽ魹ｽ魹ｽ魹ｽ魹ｽ魹ｽ
[10:40:38] <<<                    魹ｽ魹ｽ魹ｽ魹ｽﾏｷ魹ｽﾎｿ魹ｽ魹ｽ魹ｽﾓｹ魹ｽ魹ｽ魹ｽ魹ｽﾏｵ魹ｽ魹ｽﾐ｡ﾋｵ魹ｽ魹ｽﾐｴ     
[10:40:38] <<<               ----====   魹ｽ魹ｽ  魹ｽ魹ｽ  魹ｽ魹ｽ  魹ｽ魹ｽ  魹ｽ魹ｽ  ====----
[10:40:38] <<<     魹ｽﾋ｡ﾋ｡ﾋ｡ﾋ｡ﾋ｡ﾋ｡ﾋ｡ﾋ｡ﾋ｡ﾋ｡ﾋ｡ﾋ｡ﾋ｡ﾋ｡ﾋ｡ﾋ｡ﾋ｡ﾋ｡ﾋ｡ﾋ｡ﾋ｡ﾋ｡ﾋ｡ﾋ｡ﾋ｡ﾋ｡ﾋ｡ﾋ｡ﾋ｡ﾋ｡ﾋ｡ﾋ｡ﾋ｡ﾋ｡魹ｽ
[10:40:38] <<<         魹ｽ魹ｽ魹ｽ魹ｽ魹ｽ魹ｽ魹ｽ魹ｽ魹ｽ魹ｽ魹ｽ魹ｽ魹ｽ魹ｽ魹ｽ魹ｽ魹ｽ魹ｽ魹ｽ魹ｽ魹ｽ魹ｽ魹ｽ魹ｽ魹ｽ魹ｽ魹ｽ魹ｽ魹ｽ魹ｽ魹ｽ魹ｽ魹ｽ魹ｽ魹ｽ魹ｽ魹ｽ魹ｽ魹ｽ魹ｽ魹ｽ魹ｽ魹ｽ魹ｽ魹ｽ魹ｽ魹ｽ魹ｽ魹ｽ魹ｽ魹ｽ魹ｽ魹ｽ魹ｽ    魹ｽ魹ｽ魹ｽ魹ｽ 
[10:40:38] <<<         魹ｽ魹ｽ魹ｽ魹ｽ魹ｽ魹ｽ魹ｽ魹ｽ魹ｽ[魹ｽX魹ｽ魹ｽ魹ｽ魹ｽ魹ｽ魹ｽ魹ｽ魹ｽ魹ｽ[魹ｽ魹ｽ魹ｽ魹ｽ魹ｽ魹ｽ魹ｽ[魹ｽX魹ｽT魹ｽd魹ｽj魹ｽX魹ｽT魹ｽT魹ｽm魹ｽT魹ｽ[魹ｽq魹ｽX魹ｽT魹ｽT魹ｽT魹ｽ[    
[10:40:38] <<<         魹ｽ魹ｽ魹ｽ^魹ｽT魹ｽT魹ｽg魹ｽd魹ｽs魹ｽ^魹ｽT魹ｽT魹ｽd魹ｽT魹ｽa魹ｽX魹ｽs魹ｽ魹ｽ魹ｽU魹ｽU魹ｽU魹ｽX魹ｽT魹ｽT魹ｽT魹ｽT魹ｽ[魹ｽq魹ｽ魹ｽ魹ｽ魹ｽ魹ｽ魹ｽ魹ｽ魹ｽ魹ｽ魹ｽ    
[10:40:38] <<<         魹ｽ魹ｽ魹ｽ魹ｽ魹ｽ魹ｽ魹ｽ魹ｽ魹ｽU魹ｽU魹ｽ魹ｽ魹ｽ魹ｽ魹ｽ魹ｽ魹ｽ魹ｽ魹ｽU魹ｽ魹ｽ魹ｽ魹ｽ魹ｽU魹ｽU魹ｽ魹ｽ魹ｽU魹ｽU魹ｽU魹ｽt魹ｽT魹ｽT魹ｽr魹ｽT魹ｽs魹ｽU魹ｽX魹ｽT魹ｽT魹ｽj魹ｽ[魹ｽ魹ｽ 
[10:40:38] <<<         魹ｽ魹ｽ魹ｽ魹ｽ魹ｽ魹ｽ魹ｽ魹ｽ魹ｽU魹ｽU魹ｽ[魹ｽ魹ｽ魹ｽ魹ｽ魹ｽ魹ｽ魹ｽU魹ｽ魹ｽ魹ｽ魹ｽ魹ｽU魹ｽU魹ｽ魹ｽ魹ｽ^魹ｽU魹ｽs魹ｽt魹ｽT魹ｽT魹ｽt魹ｽT魹ｽa魹ｽU魹ｽ魹ｽ魹ｽ魹ｽ魹ｽ魹ｽ魹ｽU魹ｽ魹ｽ  
[10:40:38] <<<         魹ｽ魹ｽ魹ｽ魹ｽ魹ｽ魹ｽ魹ｽ魹ｽ魹ｽU魹ｽU魹ｽU魹ｽ魹ｽ魹ｽ魹ｽ魹ｽ魹ｽ魹ｽU魹ｽT魹ｽr魹ｽ魹ｽ魹ｽU魹ｽT魹ｽT魹ｽd魹ｽT魹ｽX魹ｽT魹ｽT魹ｽT魹ｽT魹ｽ[魹ｽs魹ｽ魹ｽ魹ｽ魹ｽ魹ｽ魹ｽ魹ｽU魹ｽ魹ｽ   
[10:40:38] <<<         魹ｽ魹ｽ魹ｽ^魹ｽT魹ｽT魹ｽs魹ｽ^魹ｽs魹ｽ^魹ｽT魹ｽT魹ｽs魹ｽ魹ｽ魹ｽa魹ｽt魹ｽa魹ｽ^魹ｽT魹ｽs魹ｽa魹ｽ^魹ｽT魹ｽT魹ｽT魹ｽT魹ｽs魹ｽ^魹ｽ魹ｽ魹ｽt魹ｽT魹ｽa魹ｽ魹ｽ魹ｽ魹ｽ 
[10:40:38] <<<         魹ｽ魹ｽ                                                             
[10:40:38] <<<              魹ｽ魹ｽ魹ｽq魹ｽT魹ｽT魹ｽr魹ｽq魹ｽr魹ｽq魹ｽr魹ｽq魹ｽr魹ｽq魹ｽr魹ｽq魹ｽr魹ｽq魹ｽr魹ｽq魹ｽr魹ｽq魹ｽr魹ｽq魹ｽr魹ｽq魹ｽr           
[10:40:38] <<<              魹ｽ魹ｽ魹ｽU魹ｽq魹ｽr魹ｽU魹ｽU魹ｽt魹ｽs魹ｽU魹ｽU魹ｽU魹ｽU魹ｽU魹ｽU魹ｽt魹ｽs魹ｽU魹ｽU魹ｽt魹ｽs魹ｽU魹ｽU魹ｽt魹ｽs魹ｽU          
[10:40:38] <<<              魹ｽ魹ｽ魹ｽU魹ｽt魹ｽs魹ｽU魹ｽU魹ｽ魹ｽ魹ｽq魹ｽs魹ｽU魹ｽU魹ｽU魹ｽU魹ｽt魹ｽr魹ｽq魹ｽs魹ｽU魹ｽ魹ｽ魹ｽq魹ｽs魹ｽt魹ｽr魹ｽq魹ｽs魹ｽ魹ｽ         
[10:40:38] <<<              魹ｽ魹ｽ魹ｽU魹ｽq魹ｽT魹ｽs魹ｽU魹ｽ魹ｽ魹ｽt魹ｽr魹ｽU魹ｽU魹ｽU魹ｽU魹ｽq魹ｽs魹ｽt魹ｽr魹ｽU魹ｽ魹ｽ魹ｽt魹ｽr魹ｽq魹ｽs魹ｽt魹ｽr          
[10:40:38] <<<              魹ｽ魹ｽ魹ｽU魹ｽU魹ｽ魹ｽ魹ｽ魹ｽ魹ｽU魹ｽq魹ｽr魹ｽU魹ｽU魹ｽt魹ｽs魹ｽU魹ｽU魹ｽq魹ｽr魹ｽU魹ｽU魹ｽq魹ｽr魹ｽU魹ｽU魹ｽq魹ｽr魹ｽU           
[10:40:38] <<<              魹ｽ魹ｽ魹ｽt魹ｽs魹ｽ魹ｽ魹ｽ魹ｽ魹ｽt魹ｽs魹ｽt魹ｽs魹ｽt魹ｽT魹ｽT魹ｽs魹ｽt魹ｽs魹ｽt魹ｽs魹ｽt魹ｽs魹ｽt魹ｽs魹ｽt魹ｽs魹ｽt魹ｽs魹ｽ魹ｽ魹ｽ魹ｽ      
[10:40:38] <<<     魹ｽﾋ｡ﾋ｡ﾋ｡ﾋ｡ﾋ｡ﾋ｡ﾋ｡ﾋ｡ﾋ｡ﾋ｡ﾋ｡ﾋ｡ﾋ｡ﾋ｡ﾋ｡ﾋ｡ﾋ｡ﾋ｡ﾋ｡ﾋ｡ﾋ｡ﾋ｡ﾋ｡ﾋ｡ﾋ｡ﾋ｡ﾋ｡ﾋ｡ﾋ｡ﾋ｡ﾋ｡ﾋ｡ﾋ｡ﾋ｡魹ｽ      
[10:40:38] <<<            魹ｽﾊｺ魹ｽﾋｵ魹ｽ魹ｽ	https://pkuxkx.net/wiki/pkuxkx/account
[10:40:38] <<<            魹ｽ魹ｽ魹ｽﾅｵ魹ｽ魹ｽ魹ｽ	https://pkuxkx.net/wiki/pkuxkx/guide
[10:40:38] <<<            魹ｽ魹ｽﾏｷ魹ｽ魹ｽﾖｷ	mud.pkuxkx.net 8080
[10:40:38] <<<            魹ｽ魹ｽ魹ｽ魹ｽ魹ｽ魹ｽﾒｳ	https://pkuxkx.net
[10:40:38] <<<            魹ｽ魹ｽ魹ｽ魹ｽQQﾈｺ	770985873
[10:40:38] <<< 魹ｽ魹ｽ魹ｽ魹ｽ魹ｽ魹ｽ魹ｽ魹ｽ魹ｽ魹ｽ魹ｽﾑｾ魹ｽﾖｴ魹ｽ魹ｽ魹ｽ魹ｽ魹ｽ魹ｽ魹ｽ魹ｽ魹ｽﾊｮ魹ｽ魹ｽﾐ｡ﾊｱ魹ｽ魹ｽﾊｮ魹ｽﾟｷ魹ｽ魹ｽ魹ｽﾊｮ魹ｽ魹ｽ魹ｽ槩｣
[10:40:38] <<< ﾄｿﾇｰ魹ｽ魹ｽ魹ｽ魹ｽ 517 ﾎｻ魹ｽ魹ｽ魹ｽ魹ｽ魹ｽ魹ｽ魹ｽ魹ｽﾏ｡魹ｽ
[10:40:38] <<< Input 1 for GBK, 2 for UTF8, 3 for BIG5
[10:40:38] <<< 魹ｽ魹ｽ魹ｽ魹ｽﾓ｢魹ｽ魹ｽ魹ｽ魹ｽ魹ｽﾖ｣魹ｽﾒｪﾗ｢魹ｽ魹ｽ魹ｽ魹ｽ魹ｽ魹ｽ魹ｽ魹ｽ魹ｽ魹ｽ魹ｽ魹ｽ魹ｽ魹ｽnew魹ｽ魹ｽ魹ｽ魹ｽ魹ｽ魹ｽ
[10:40:55] >>> plasticlove
[10:40:55] <<< 魹ｽ魹ｽID魹ｽ魹ｽ魹ｽ魹ｽ魹ｽﾑｴ魹ｽ魹ｽﾚ｣魹ｽ魹ｽ魹ｽ魹ｽ魹ｽ魹ｽ魹ｽ魹ｽ魹ｽ魹ｽ槵ｺ
[10:41:00] >>> XYH4164831
[10:41:01] <<< ﾄｿﾇｰﾈｨ魹ｽﾞ｣魹ｽ(player)
[10:41:01] <<< 魹ｽ魹ｽ魹ｽ魹ｽ魹ｽ魹ｽ魹ｽ魹ｽ魹ｽ魹ｽ魹ｽ魹ｽ魹ｽ魹ｽ魹ｽ魹ｽ魹ｽ魹ｽ魹ｽ魹ｽ魹ｽ魹ｽ魹ｽ魹ｽ魹ｽ魹ｽ魹ｽ魹ｽ魹ｽﾒｪﾔｼ魹ｽ魹ｽ魹ｽ魹ｽ魹ｽ魹ｽ魹ｽ魹ｽ魹ｽ魹ｽ魹ｽ魹ｽ魹ｽ魹ｽ魹ｽ魹ｽ魹ｽ魹ｽ魹ｽ魹ｽ魹ｽ魹ｽ魹ｽ魹ｽ魹ｽ魹ｽ
[10:41:01] <<< 魹ｽ魹ｽ    魹ｽﾒ｣魹ｽPlasticlove魹ｽ魹ｽ魹ｽﾚｴ魹ｽ魹ｽ魹ｽ魹ｽ魹ｽ魹ｽ魹ｽ魹ｽ魹ｽﾎｪﾒｻﾎｻ魹ｽ魹ｽ魹ｽ魹ｽ魹ｽ魹ｽﾏｷ魹ｽ魹ｽ魹ｽ魹ｽﾒ｣魹ｽ魹ｽ魹ｽ魹ｽﾑｾ魹ｽ魹ｽ茫ｦ
[10:41:01] <<< 魹ｽ魹ｽ魹ｽ魹ｽ魹ｽﾋｽ箚｢魹ｽ魹ｽﾊｶ魹ｽ魹ｽ魹ｽ魹ｽﾏｷ魹ｽﾐｿ魹ｽ魹ｽﾜｴ魹ｽ魹ｽﾚｵﾄｾ魹ｽ魹ｽ魹ｽﾇｱ魹ｽ魹ｽ魹ｽ魹ｽ魹ｽ魹ｽ魹ｽﾔｵ魹ｽ魹ｽ魹ｽ魹ｽ魹ｽ魹ｽ魹ｽ魹ｽ魹ｽﾊｵ魹ｽ魹ｽ
[10:41:01] <<< 魹ｽ魹ｽ魹ｽ魹ｽ魹ｽ魹ｽ魹ｽﾞｹﾘ｡魹ｽ                                              魹ｽ魹ｽ
[10:41:01] <<< 魹ｽ魹ｽ    魹ｽ魹ｽ魹ｽ魹ｽ魹ｽ筌ｬ魹ｽ魹ｽ魹ｽ魹ｽ魹ｽ魹ｽ魹ｽ魹ｽ魹ｽﾏｷ魹ｽ魹ｽﾒｻ魹ｽ魹ｽ魹ｽ魹ｽ魹ｽ魹ｽ魹ｽ魹ｽ魹ｽ逎ｬﾖｼ魹ｽ魹ｽ魹ｽ盪ｩ魹ｽ魹ｽ魹ｽﾖｺ魹ｽﾃｰ魹ｽ魹ｽ
[10:41:01] <<< 魹ｽ魹ｽ魹ｽ魹ｽ魹ｽ魹ｽ魹ｽ鬘｣魹ｽ魹ｽﾏｷ魹ｽﾐｵﾄｹ魹ｽ魹ｽ魹ｽ魹ｽ魹ｽﾚ｡魹ｽﾕｽ魹ｽ魹ｽ魹ｽ魹ｽ魹ｽ魹ｽ魹ｽ魹ｽ魹ｽ魹ｽﾉｫ魹ｽ魹ｽ魹ｽ魹ｽ魹ｽ魹ｽ魹ｽ魹ｽ魹ｽ魹ｽ魹ｽ魹ｽ魹ｽﾔｪ魹ｽ魹ｽ
[10:41:01] <<< 魹ｽ魹ｽ魹ｽﾘｿ魹ｽ魹ｽﾜｰ魹ｽ魹ｽ魹ｽ魹ｽ魹ｽ魹ｽ魹ｽ魹ｽ魹ｽ魹ｽ魹ｽ魹ｽ魹ｽ魹ｽ魹ｽ魹ｽ魹ｽﾈｭ魹ｽﾅ｡魹ｽ魹ｽ魹ｽ魹ｽ魹ｽ魹ｽ魹ｽ魹ｽ魹ｽ魹ｽ魹ｽ魹ｽ魹ｽﾍｻ魹ｽ魹ｽ魹ｽ魹ｽ譯｣    魹ｽ魹ｽ
[10:41:01] <<< 魹ｽ魹ｽ    魹ｽ魹ｽﾖ｣魹ｽ魹ｽ魹ｽ魹ｽ魹ｽ魹ｽ魹ｽ魹ｽ魹ｽﾒｲ魹ｽ魹ｽ魹ｽ魹ｽ魹ｽﾏｷ魹ｽ魹ｽﾈｫ魹ｽﾇｳ魹ｽ魹ｽ魹ｽ魹ｽ魹ｽ魹ｽﾖｺ魹ｽ魹ｽ魹ｽﾇｲ魹ｽ魹ｽﾄｿ魹ｽﾄ｣魹ｽ魹ｽ魹ｽ魹ｽ魹ｽ
[10:41:01] <<< 魹ｽ魹ｽ魹ｽ魹ｽ魹ｽ魹ｽ魹ｽ魹ｽﾐｩ魹ｽ魹ｽ魹ｽ魹ｽﾔｪ魹ｽ魹ｽ魹ｽ魹ｽ魹ｽ魹ｽﾊｵ魹ｽ魹ｽ魹ｽ魹ｽ魹ｽ魹ｽ魹ｽ魹ｽ魹ｽ魹ｽﾒｽ魹ｽ魹ｽ魹ｽ魹ｽ魹ｽﾏｷ魹ｽﾐｵ魹ｽ魹ｽﾎｺ魹ｽ魹ｽ魹ｽ魹ｽﾝｩ魹ｽ
[10:41:01] <<< 魹ｽ魹ｽ魹ｽ魹ｽ魹ｽ魹ｽ魹ｽ魹ｽ魹ｽﾔｺﾍｳ魹ｽ魹ｽ魹ｽ魹ｽﾌｬ魹ｽﾈ｣魹ｽ魹ｽ魹ｽ魹ｽ魹ｽ魹ｽ魹ｽﾏｷ魹ｽ魹ｽ魹ｽ魹ｽ魹ｽ魹ｽ魹ｽ魹ｽ魹ｽﾗｼ魹ｽ魹ｽ          魹ｽ魹ｽ
[10:41:01] <<< 魹ｽ魹ｽ    魹ｽ魹ｽﾎｪﾒｻﾎｻ魹ｽ魹ｽ魹ｽ魹ｽ魹ｽﾎｵ魹ｽ魹ｽ魹ｽﾒ｣魹ｽ魹ｽﾒｳ魹ｽﾅｵ魹ｽ魹ｽ                      魹ｽ魹ｽ
[10:41:01] <<< 魹ｽ魹ｽ1.魹ｽﾒｽ魹ｽ魹ｽ魹ｽ魹ｽ魹ｽ魹ｽ魹ｽﾏｷ魹ｽﾄｹ魹ｽ魹ｽ魹ｽ魹ｽ魹ｽ魹ｽ魹ｽ詝ｬ魹ｽ魹ｽ魹ｽ魹ｽ魹ｽ魹ｽ魹ｽ魹ｽ魹ｽ魹ｽ魹ｽ魹ｽﾒｵ魹ｽﾈｨ魹ｽ譯｣      魹ｽ魹ｽ
[10:41:01] <<< 魹ｽ魹ｽ2.魹ｽﾒｽ魹ｽ魹ｽ魹ｽ魹ｽ魹ｽ魹ｽ魹ｽﾏｷ魹ｽ魹ｽ魹ｽ魹ｽ魹ｽ魹ｽ魹ｽ魹ｽ魹ｽﾆ｣魹ｽ魹ｽ魹ｽﾈｷ魹ｽ魹ｽ魹ｽ魹ｽﾏｷ魹ｽ魹ｽ魹ｽﾝｲ魹ｽ魹ｽ魹ｽﾓｰ魹ｽ璇ｽﾎｴ魹ｽ魹ｽ魹ｽ幘ｦ
[10:41:01] <<< 魹ｽ魹ｽ魹ｽﾋ｡魹ｽ                                                    魹ｽ魹ｽ
[10:41:01] <<< 魹ｽ魹ｽ3.魹ｽﾒｽ魹ｽ魹ｽ魹ｽ魹ｽ箒ｫ魹ｽ魹ｽ魹ｽ魹ｽ魹ｽ魹ｽ魹ｽ魹ｽﾎｺ魹ｽﾎ･魹ｽ魹ｽ魹ｽ魹ｽ魹ｽ魹ｽﾞ｡魹ｽ魹ｽﾌｰ魹ｽ魹ｽ魹ｽ魹ｽ魹ｽ魹ｽﾓ｡魹ｽﾉｧ魹ｽﾅｻ魹ｽ魹ｽ茫ｦ
[10:41:01] <<< 魹ｽ魹ｽ魹ｽ魹ｽ魹ｽ魹ｽ魹ｽ魹ｽ魹ｽ魹ｽﾎｪ魹ｽ魹ｽ                                            魹ｽ魹ｽ
[10:41:01] <<< 魹ｽ魹ｽ4.魹ｽﾒｽ魹ｽ魹ｽ魹ｽ魹ｽ魹ｽ魹ｽﾒｵ魹ｽ魹ｽ魹ｽﾏｷ魹ｽﾋｻ魹ｽ魹ｽﾍｸ魹ｽ魹ｽ魹ｽ魹ｽ魹ｽﾏ｢魹ｽ魹ｽ魹ｽ魹ｽ魹ｽ魹ｽ魹ｽ魹ｽ魹ｽ魹ｽ魹ｽ魹ｽ魹ｽ魹ｽﾋｻ魹ｽ魹ｽ魹ｽ魹ｽ魹ｽﾎｩ魹ｽ
[10:41:01] <<< 魹ｽ魹ｽ魹ｽﾎｲ魹ｽ魹ｽ魹ｽ魹ｽ賓ｯ魹ｽ魹ｽ                                            魹ｽ魹ｽ
[10:41:01] <<< 魹ｽ魹ｽ5.魹ｽﾒｽ魹ｽ魹ｽ魹ｽ魹ｽ魹ｽ魹ｽ魹ｽﾏｷ魹ｽ魹ｽ魹ｽ魹ｽ魹ｽﾅｶﾓｵ魹ｽﾅｬ魹ｽ魹ｽ魹ｽ魹ｽ魹ｽ魹ｽ魹ｽ盪ｩ魹ｽﾐｽ魹ｽ魹ｽ魹ｽ魹ｽﾔｵﾄｷ魹ｽ魹ｽ魹ｽ魹ｽ魹ｽ魹ｽ魹ｽ魹ｽ魹ｽ魹ｽ
[10:41:01] <<< 魹ｽ魹ｽ魹ｽ魹ｽ魹ｽ魹ｽ魹ｽ魹ｽ魹ｽﾄｽ魹ｽ魹ｽ魹ｽﾏｷ魹ｽ魹ｽ魹ｽ鬘｣                                    魹ｽ魹ｽ
[10:41:01] <<< 魹ｽ魹ｽﾍｨ魹ｽ魹ｽﾇｩ魹ｽ魹ｽ魹ｽ魹ｽ魹ｽ魹ｽ魹ｽ魹ｽ魹ｽ魹ｽ魹ｽ魹ｽ魹ｽﾈｷ魹ｽ魹ｽ魹ｽﾔｼ魹ｽ魹ｽﾑｾ魹ｽ魹ｽﾋｽ箚｢魹ｽ魹ｽ魹ｽ魹ｽ魹ｽ魹ｽﾏｷ魹ｽﾐｿ魹ｽ魹ｽﾜｴ魹ｽ魹ｽﾚｩ魹ｽ
[10:41:01] <<< 魹ｽ魹ｽ魹ｽ魹ｽ魹ｽ魹ｽ魹ｽ魹ｽ魹ｽ魹ｽ魹ｽ魹ｽ魹ｽ魹ｽ魹ｽ魹ｽﾊｵ魹ｽ魹ｽ魹ｽ魹ｽ魹ｽﾞｹﾘ｡魹ｽ魹ｽﾒｽ魹ｽ魹ｽﾔｻ魹ｽ魹ｽ魹ｽ魹ｽ魹ｽ魹ｽ魹ｽ魹ｽ魹ｽ魹ｽ魹ｽﾌｬ魹ｽﾈｲ魹ｽ魹ｽ魹ｽ魹ｽ魹ｽﾏｷ魹ｽ魹ｽ
[10:41:01] <<< 魹ｽ魹ｽ魹ｽ魹ｽ魹ｽ魹ｽ魹ｽ魹ｽ魹ｽ魹ｽ魹ｽ魹ｽﾒｹ魹ｽﾍｬ魹ｽ魹ｽ魹ｽ魹ｽﾒｻ魹ｽ魹ｽ魹ｽ魹ｽ魹ｽﾆ｡魹ｽ魹ｽ魹ｽﾐｳ魹ｽ魹ｽ魹ｽ魹ｽﾏｷ魹ｽ魹ｽ魹ｽ魹ｽ魹ｽ魹ｽ          魹ｽ魹ｽ
[10:41:01] <<< 魹ｽ魹ｽ魹ｽ魹ｽ魹ｽ魹ｽ魹ｽ魹ｽ魹ｽ魹ｽ魹ｽ魹ｽ魹ｽ魹ｽ魹ｽ魹ｽ魹ｽ魹ｽ魹ｽ魹ｽ魹ｽ魹ｽ魹ｽ魹ｽ魹ｽ魹ｽ魹ｽ魹ｽ魹ｽ魹ｽ魹ｽ魹ｽ魹ｽ魹ｽ魹ｽ魹ｽ魹ｽ魹ｽ魹ｽ魹ｽ魹ｽ魹ｽ魹ｽ魹ｽ魹ｽ魹ｽ魹ｽ魹ｽ魹ｽ魹ｽ魹ｽ魹ｽ魹ｽ魹ｽ魹ｽ魹ｽ魹ｽ魹ｽ魹ｽ魹ｽ
[10:41:01] <<< 魹ｽ魹ｽ魹ｽﾍｬ魹ｽ魹ｽ魹ｽ魹ｽ魹ｽ魹ｽagree plasticlove 2026-06-04魹ｽ魹ｽ魹ｽ魹ｽﾇｩ魹ｽ魹ｽﾈｷ魹ｽ魹ｽ魹ｽ魹ｽﾐｩ魹ｽ魹ｽ魹ｽ詇｣
[10:41:17] >>> agree plasticlove 2026-06-04
[10:41:17] <<< 魹ｽ魹ｽﾐｻ魹ｽ魹ｽﾍｬ魹ｽ箜ｱ魹ｽ魹ｽ魹ｽ魹ｽ魹ｽﾒｪﾔｼ魹ｽ魹ｽ魹ｽ魹ｽ魹ｽﾚｿ魹ｽ魹ｽ魹ｽ魹ｽ魹ｽ魹ｽ魹ｽ魹ｽ魹ｽ魹ｽ魹ｽ魹ｽ魹ｽﾏｷ魹ｽ魹ｽ
[10:41:17] <<<                     魹ｽ魹ｽ魹ｽ魹ｽ----ﾎｴ魹ｽ魹ｽ魹ｽ魹ｽ----魹ｽ魹ｽﾊｯ魹ｽ魹ｽ    
[10:41:17] <<<                               魹ｽ魹ｽ     
[10:41:17] <<<                            魹ｽ魹ｽﾊｯ魹ｽ魹ｽﾍｷ             
[10:41:17] <<< ﾎｴ魹ｽ魹ｽ魹ｽ魹ｽ - 
[10:41:17] <<<     ﾉｽ魹ｽ魹ｽ魹ｽ魹ｽ魹ｽ魹ｽ魹ｽ魹ｽ魹ｽ魹ｽ魹ｽ魹ｽﾈｴ魹ｽ魹ｽ魹ｽ魹ｽ魹ｽﾐｶ魹ｽﾃｴ魹ｽ魹ｽ魹ｽﾄｵﾄｻ魹ｽ魹ｽ魹ｽ魹ｽﾚｴﾋ｣魹ｽ魹ｽ魹ｽ魹ｽ魹ｽ魹ｽ魹ｽ魹ｽ魹ｽ魹ｽﾅｼ魹ｽ魹ｽ魹ｽﾔｶﾔｶﾆｮ魹ｽ魹ｽ魹ｽﾄｻ魹ｽ魹ｽ罍｣
[10:41:17] <<< 魹ｽ魹ｽ魹ｽ魹ｽ魹ｽ魹ｽ魹ｽ魹ｽ魹ｽ魹ｽﾏｪﾋｮ魹ｽ魹ｽ魹ｽﾋｵ魹ｽ魹ｽ魹ｽ魹ｽ魹ｽ魹ｽ魹ｽﾔｭ魹ｽ魹ｽ魹ｽ魹ｽﾔｶ魹ｽ魹ｽ魹ｽ魹ｽﾒｻ魹ｽ魹ｽ魹ｽ魹ｽ魹ｽﾑｵ魹ｽﾐ｡ﾏｪ(river)魹ｽ魹ｽ魹ｽ魹ｽ魹ｽ魹ｽ魹ｽﾆｺ魹ｽﾉ｢魹ｽ魹ｽ魹ｽ魹ｽﾒｻﾐｩ
[10:41:17] <<< 魹ｽ魹ｽﾊｲ魹ｽ魹ｽ魹ｽ魹ｽﾉｽ魹ｽﾈｵﾄｱ魹ｽ魹ｽ魹ｽ魹ｽ魹ｽ魹ｽ魹ｽ魹ｽ魹ｽ魹ｽﾍｵ魹ｽﾉｽ魹ｽ魹ｽ(path)魹ｽ魹ｽ魹ｽ魹ｽ魹ｽ魹ｽ魹ｽ魹ｽﾍｨ魹ｽ魹ｽ魹ｽ魹ｽ遑｣
[10:41:17] <<<     魹ｽ魹ｽ魹ｽ邏ｺ魹ｽ魹ｽ: ﾒｹﾄｻ魹ｽ魹ｽ魹ｽ魹ｽ魹ｽ魹ｽ魹ｽ魹ｽﾘ｡魹ｽ
[10:41:17] <<<     魹ｽ魹ｽ魹ｽ魹ｽ魹ｽ魹ｽ魹ｽﾔｵﾄｷ魹ｽ魹ｽ魹ｽ魹ｽ魹ｽ east魹ｽ魹ｽwest 魹ｽ魹ｽ south魹ｽ魹ｽ
[10:41:17] <<<     魹ｽ魹ｽﾃｶﾒｰ魹ｽ魹ｽ(Ye guo)
[10:41:17] <<<     魹ｽ魹ｽ魹ｽ魹ｽ魹ｽ魹ｽﾂｫ(Hu lu)
[10:41:17] <<<     魹ｽ魹ｽﾍｨ魹ｽ魹ｽ魹ｽ魹ｽ 魹ｽ魹ｽ魹ｽﾎｪ魹ｽ魹ｽ(Dlyhui) <魹ｽ魹ｽ魹ｽﾟｶ魹ｽﾊｮ魹ｽﾅｷ魹ｽ魹ｽ魹ｽ>
[10:41:17] <<< 魹ｽﾕｶﾋｻ魹ｽ魹ｽ魹ｽﾌｬ魹ｽ雜ｨﾎｪ vt100 魹ｽ魹ｽ
[10:41:17] <<< 魹ｽ魹ｽ魹ｽ魹ｽ魹ｽ魹ｽﾊｼ魹ｽ魹ｽ魹ｽ魹ｽ魹ｽﾄｿﾍｻ魹ｽ魹ｽﾋｶ魹ｽMXP魹ｽ魹ｽﾖｧ魹ｽﾖｳﾌｶﾈ｡魹ｽ魹ｽ魹ｽ魹ｽ5s魹ｽ魹ｽﾖｮ魹ｽ魹ｽﾃｻ魹ｽﾐｷ魹ｽﾓｦ魹ｽ魹ｽ魹ｽ魹ｽ魹ｽ魹ｽ魹ｽ魹ｽﾊｹ魹ｽﾃｵﾄｿﾍｻ魹ｽ魹ｽ魹ｽ魹ｽ魹ｽﾈｫ魹ｽ魹ｽﾖｧ魹ｽ魹ｽMXP,魹ｽ𣝣ｴ魹ｽﾘｳ魹ｽ魹ｽ魹ｽ魹ｽ魹ｽ魹ｽ魹ｽﾍｨﾄ｣ﾊｽ魹ｽ魹ｽ
[10:41:17] <<< 魹ｽﾆｼ魹ｽﾊｹ魹ｽ魹ｽMudlet,MushClient魹ｽ魹ｽZmud魹ｽ魹ｽ魹ｽ魹ｽ魹ｽ魹ｽ魹ｽhttp://pkuxkx.net/forum/thread-9684-1-1.htmlﾑｧﾏｰ魹ｽ魹ｽ魹ｽ魹ｽ魹ｽ魹ｽ魹ｽMXP魹ｽﾍｻ魹ｽ魹ｽﾋ｡魹ｽ
[10:41:17] <<< <SUPPORT>
[10:41:34] <<< 魹ｽ魹ｽﾄｿﾍｻ魹ｽ魹ｽﾋｲ魹ｽﾖｧ魹ｽ魹ｽMXP魹ｽ魹ｽ魹ｽﾜ｣魹ｽﾊｹ魹ｽ魹ｽ魹ｽ魹ｽﾍｨ魹ｽﾄｱ魹ｽﾄ｣ﾊｽ魹ｽ魹ｽ
[10:41:34] <<< [魹ｽ魹ｽﾊｱ魹ｽ豢｢ﾑｶﾏ｢]
[10:41:34] <<< 魹ｽ魹ｽﾗ｢魹ｽ筌ｬ魹ｽ魹ｽﾄｻ魹ｽﾔｾ魹ｽ魹ｽ魹ｽﾑｾ魹ｽﾆｫ魹ｽﾍ｡魹ｽexp 5M魹ｽ魹ｽﾇｰ魹ｽ魹ｽ魹ｽ魹ｽ魹ｽ魹ｽ魹ｽﾊｹ魹ｽ魹ｽfullmeﾃｿ15魹ｽ魹ｽ魹ｽﾓｲ魹ｽ魹ｽ魹ｽﾈｫ魹ｽ魹ｽﾗｴﾌｬ魹ｽ魹ｽdouble魹ｽ魹ｽ魹ｽ魹ｽ魹ｽ魹ｽ
[10:41:34] <<< 5M魹ｽ魹ｽﾊｱ魹ｽ茣ｻﾊｹ魹ｽ魹ｽfullme魹ｽ魹ｽ魹ｽ盂ｻﾏｵﾍｳ魹ｽﾐｶ魹ｽﾎｪ魹ｽ魹ｽ魹ｽ魹ｽ魹ｽﾋ｡魹ｽ
[10:41:34] <<< 魹ｽ魹ｽ魹ｽ魹ｽ魹ｽ魹ｽ魹ｽ魹ｽﾏｵﾍｳ魹ｽ魹ｽ魹ｽﾑｩ魹ｽ魹ｽ魹ｽ魹ｽ魹ｽ魹ｽ魹ｽ魹ｽ魹ｽ魹ｽ魹ｽ魹ｽ魹ｽ魹ｽ魹ｽ魹ｽ魹ｽ魹ｽ魹ｽ魹ｽ魹ｽ魹ｽ魹ｽ魹ｽ魹ｽ魹ｽ魹ｽ魹ｽ魹ｽ魹ｽ魹ｽ魹ｽ魹ｽ魹ｽ魹ｽ魹ｽ魹ｽ魹ｽ魹ｽ魹ｽ魹ｽ魹ｽﾐｩ魹ｽ魹ｽ魹ｽ魹ｽ魹ｽ魹ｽ魹ｽ魹ｽ魹ｽ魹ｽ魹ｽ魹ｽ魹ｽ魹ｽ魹ｽ魹ｽ魹ｽ魹ｽ魹ｽ
[10:41:34] <<< 魹ｽ魹ｽ魹ｽ魹ｽ魹ｽﾐｶ魹ｽﾇｧ魹ｽ魹ｽ魹ｽ魹ｽﾊｮ魹ｽ魹ｽ魹ｽ魹ｽ魹ｽ魹ｽ魹ｽ魹ｽﾎｴ魹ｽ魹ｽ魹ｽ魹ｽ魹ｽ魹ｽﾊｹ魹ｽ魹ｽnews new魹ｽ魹ｽ魹ｽﾄｶ魹ｽ魹ｽ魹ｽ      魹ｽ魹ｽ                  魹ｽ魹ｽ
[10:41:34] <<< 魹ｽ魹ｽ[2044] 魹ｽ魹ｽﾔｴ魹ｽ魹ｽ魹ｽ魹ｽ魹ｽﾍｼ魹ｽﾐｱ莉ｯ魹ｽ魹ｽ2魹ｽ魹ｽ魹ｽﾚｲ魹ｽ魹ｽ魹ｽ魹ｽ魹ｽ魹ｽ魹ｽ魹ｽ魹ｽ魹ｽ            魹ｽ魹ｽ                  魹ｽ魹ｽ
[10:41:34] <<< 魹ｽ魹ｽ[2043] 魹ｽ魹ｽ魹ｽ魹ｽ魹ｽ魹ｽ魹ｽ魹ｽ(5魹ｽ魹ｽ17魹ｽ魹ｽ)魹ｽ魹ｽ魹ｽﾝｹ魹ｽ魹ｽ魹ｽ                        魹ｽ魹ｽ                  魹ｽ魹ｽ
[10:41:34] <<< 魹ｽ魹ｽ[2042] 魹ｽ魹ｽ魹ｽ魹ｽ魹ｽ魹ｽﾊｮ魹ｽ魹ｽ魹ｽ魹ｽ魹ｽ魹ｽ魹ｽﾄｴ魹ｽ魹ｽ魹ｽ魹ｽ魹ｽ魹ｽ魹ｽ魹ｽ魹ｽ魹ｽ魹ｽ                     魹ｽ魹ｽ                  魹ｽ魹ｽ
[10:41:34] <<< 魹ｽ魹ｽ魹ｽ魹ｽ魹ｽ魹ｽ魹ｽ魹ｽ魹ｽ魹ｽ魹ｽ魹ｽ魹ｽ魹ｽ魹ｽ魹ｽ魹ｽ魹ｽ魹ｽ魹ｽ魹ｽ魹ｽ魹ｽ魹ｽ魹ｽ魹ｽ魹ｽ魹ｽ魹ｽ魹ｽ魹ｽ魹ｽ魹ｽ魹ｽ魹ｽ魹ｽ魹ｽ魹ｽ魹ｽ魹ｽ魹ｽ魹ｽ魹ｽ魹ｽ魹ｽ魹ｽ魹ｽ魹ｽ魹ｽ魹ｽ魹ｽ魹ｽ魹ｽ魹ｽ魹ｽ魹ｽ魹ｽ魹ｽ魹ｽﾘｩ魹ｽ魹ｽ魹ｽ魹ｽ魹ｽ魹ｽ魹ｽ魹ｽ魹ｽ魹ｽ魹ｽ魹ｽ魹ｽ魹ｽ魹ｽ魹ｽ魹ｽ魹ｽ魹ｽ
[10:41:34] <<< 魹ｽ魹ｽ魹ｽ魹ｽﾖｪ魹ｽ魹ｽ魹ｽ魹ｽ魹ｽ魹ｽ魹ｽ魹ｽ魹ｽ魹ｽ魹ｽjq魹ｽ魹ｽﾐｴjobquery魹ｽ魹ｽ                                          魹ｽ魹ｽ
[10:41:34] <<< 魹ｽ魹ｽ魹ｽ魹ｽ魹ｽ魹ｽ魹ｽ魹ｽ魹ｽ魹ｽ魹ｽ魹ｽ魹ｽ魹ｽ魹ｽ魹ｽ魹ｽ魹ｽ魹ｽ魹ｽ魹ｽ魹ｽ魹ｽ魹ｽ魹ｽ魹ｽ魹ｽ魹ｽ魹ｽ魹ｽ魹ｽ魹ｽ魹ｽ魹ｽ魹ｽ魹ｽ魹ｽ魹ｽ魹ｽ魹ｽ魹ｽ魹ｽ魹ｽ魹ｽ魹ｽ魹ｽ魹ｽ魹ｽ魹ｽ魹ｽ魹ｽ魹ｽ魹ｽ魹ｽ魹ｽ魹ｽ魹ｽ魹ｽ魹ｽ魹ｽ魹ｽ魹ｽ魹ｽ魹ｽ魹ｽ魹ｽ魹ｽ魹ｽ魹ｽﾐｩ魹ｽ魹ｽ魹ｽ魹ｽ魹ｽ魹ｽ魹ｽ魹ｽ魹ｽ
[10:41:34] <<< 魹ｽ魹ｽ魹ｽ魹ｽ魹ｽ魹ｽQQﾈｺ魹ｽ魹ｽ魹ｽ魹ｽ魹ｽ魹ｽ-魹ｽ魹ｽﾏｪ魹ｽ魹ｽ(aleicool)(602034093): 魹ｽ魹ｽﾍｼﾆｬ魹ｽ魹ｽ魹ｽ魹ｽ魹ｽ魹ｽ魹ｽ魹ｽ魹ｽ魹ｽ魹ｽ魹ｽ魹ｽﾋ｣魹ｽ魹ｽ魹ｽﾍｼﾆｬ魹ｽ魹ｽﾖｻﾒｪ999,ﾖｻﾒｪ999 
[10:41:34] <<< 魹ｽ魹ｽ魹ｽ魹ｽ魹ｽ魹ｽQQﾈｺ魹ｽ魹ｽ魹ｽ魹ｽ魹ｽ魹ｽ魹ｽ魹ｽ魹ｽ魹ｽﾋ｡魹ｽ ﾌｫ魹ｽ魹ｽ魹ｽ魹ｽ-魹ｽ魹ｽ魹ｽ魹ｽ魹ｽ魹ｽ魹ｽﾓｹ魹ｽ(Foolish)(1085921834): 魹ｽ魴ｽ魹ｽ魹ｽﾒｲ魹ｽ魹ｽ魹ｽ魹ｽ魹ｽ魹ｽ魹ｽﾋｶ魹ｽ魹ｽﾙｴ魹ｽ { O v O }
[10:41:34] <<< > 
[10:41:35] <<< 魹ｽ魹ｽﾒ･魹ｽﾔ｡魹ｽﾄｳ魹ｽ魹ｽ: 魹ｽﾙｱ魹ｽﾕｫ魹ｽ魹ｽ魹ｽ魹ｽ魹ｽ魹ｽ魹ｽ魹ｽﾒｻ魹ｽ魹ｽ魹ｽ魹ｽ魹ｽ魹ｽ魹ｽ魹ｽﾎｪ魹ｽ魹ｽ魹ｽﾄｾ魹ｽ魹ｽ魹ｽﾖｮ魹ｽ魹ｽ魹ｽﾗ｣魹ｽ 
[10:41:39] <<< 魹ｽ魹ｽﾒ･魹ｽﾔ｡魹ｽﾍｭ魹ｽ魹ｽ魹ｽﾋｵ魹ｽﾚｴ魹ｽﾍｬ魹ｽ魹ｽ魹ｽﾖｹ魹ｽ魹ｽ魹ｽ 
[10:41:41] <<< 魹ｽ魹ｽ魹ｽ魹ｽ魹ｽ魹ｽQQﾈｺ魹ｽ魹ｽ魹ｽ魹ｽ魹ｽ魹ｽ魹ｽ魹ｽ魹ｽﾉｲ魹ｽ魹ｽ 魹ｽ魹ｽﾑｼ魹ｽﾄｵﾍｵ魹ｽ魹ｽ魹ｽ魹ｽﾋ｣魹ｽmathematics魹ｽ魹ｽ(3348832080): 魹ｽ魹ｽ魹ｽﾘｸ魹ｽ@魹ｽ魹ｽ魹ｽ魹ｽ-魹ｽ魹ｽﾏｪ魹ｽ魹ｽ(aleicool) (602034093)魹ｽ魹ｽ[ﾍｼﾆｬ] 魹ｽ魹ｽ魹ｽ魹ｽ魹ｽ魹ｽ魹ｽ魹ｽ魹ｽ魹ｽ魹ｽﾋ｣魹ｽ [ﾍｼﾆｬ] ﾖｻﾒｪ999,ﾖｻﾒｪ999魹ｽ魹ｽ wc魹ｽ魹ｽ魹ｽ魹ｽ魹ｽ魹ｽ <*))))>< ?
[10:41:43] >>> fullme
[10:41:43] <<< 魹ｽ魹ｽ魹ｽ魹ｽ魹ｽﾚｲ魹ｽ魹ｽ魹ｽﾑｽ魹ｽ魹ｽ魹ｽ魹ｽ魹ｽ魹ｽ魹ｽﾜｱﾈｲ魹ｽ魹ｽ魹ｽ魹ｽﾃ｡魹ｽ
[10:41:43] <<< 魹ｽ魹ｽﾄｿﾍｻ魹ｽ魹ｽﾋｲ魹ｽﾖｧ魹ｽ魹ｽMXP,魹ｽ魹ｽﾖｱ魹ｽﾓｴ魹ｽ魹ｽ魹ｽ魹ｽﾓｲ鯀ｴﾍｼﾆｬ魹ｽ魹ｽ
[10:41:43] <<< http://fullme.pkuxkx.net/robot.php?filename=1780540903366433
[10:41:43] <<< 魹ｽ魹ｽ魹ｽ魹ｽ魹ｽ魹ｽ魹ｽ譱ｴ魹ｽ魹ｽ魹ｽ魹ｽﾍｼﾆｬ魹ｽﾏｵ魹ｽ魹ｽ魹ｽ魹ｽﾝ｡魹ｽ魹ｽ魹ｽ魹ｽ魹ｽﾐｾ魹ｽ魹ｽ魹ｽ魹ｽ魹ｽﾊｶ魹ｽ㝢ｬｿ魹ｽ魹ｽ魹ｽﾋ｢魹ｽ魹ｽﾒｻ魹ｽ魹ｽ魹ｽﾙｿ魹ｽ魹ｽ魹ｽ魹ｽ魹ｽ
[10:41:43] <<< 魹ｽ魹ｽ魹ｽ魹ｽ魹ｽ魹ｽ魹ｽ魹ｽ魹ｽ魹ｽ魹ｽ魹ｽ詝ｬﾖｸ魹ｽ魹ｽ魹ｽﾊｽ: fullme 魹ｽ魹ｽﾖ､魹ｽ魹ｽ
[10:41:43] <<< > 
[10:41:49] <<< 魹ｽ魹ｽ魹ｽ魹ｽ魹ｽ魹ｽQQﾈｺ魹ｽ魹ｽ魹ｽ魹ｽ魹ｽ魹ｽ魹ｽ魹ｽ魹ｽﾉｲ魹ｽ魹ｽ 魹ｽ魹ｽﾑｼ魹ｽﾄｵﾍｵ魹ｽ魹ｽ魹ｽ魹ｽﾋ｣魹ｽmathematics魹ｽ魹ｽ(3348832080): 魹ｽ魹ｽ魹ｽ魹ｽ魹ｽ魹ｽ魹ｽ魹ｽ魹ｽ魹ｽ魹ｽ魹ｽ <*))))>< ?
[10:41:57] <<< 魹ｽ魹ｽ魹ｽ魹ｽ魹ｽ魹ｽQQﾈｺ魹ｽ魹ｽ魹ｽ魹ｽ魹ｽ魹ｽ魹ｽ魹ｽ魹ｽﾐ｡魹ｽ 魹ｽ魹ｽ魹ｽ魹ｽ魹ｽ魹ｽ魹ｽ魹ｽ 魹ｽ魹ｽﾉｽ魹ｽ魹ｽ-魹ｽ魹ｽ魹ｽ魹ｽ(jpl)(1388303): 魹ｽ魹ｽ 魹ｽ魹ｽ魹ｽ魹ｽﾒｻ魹ｽ魹ｽ魹ｽﾚｹ魹ｽ, 魹ｽ譩ｻ魹ｽ魹ｽ魹ｽﾊ｡30M-50M... 魹ｽ魹ｽ d[-_-]b
[10:42:04] <<< 魹ｽ魹ｽ魹ｽ魹ｽ魹ｽ魹ｽQQﾈｺ魹ｽ魹ｽ魹ｽ魹ｽ魹ｽ魹ｽ-魹ｽ魹ｽﾏｪ魹ｽ魹ｽ(aleicool)(602034093): 魹ｽ魹ｽ魹ｽﾊｲ魹ｽ魹ｽ罐ｬ魹ｽ魹ｽ魹ｽ魹ｽﾏ｡魹ｽ魹ｽ 
[10:42:07] <<< 魹ｽ魹ｽ魹ｽ魹ｽ魹ｽ魹ｽQQﾈｺ魹ｽ魹ｽ魹ｽ魹ｽ魹ｽ魹ｽ魹ｽ-魹ｽ魹ｽ魹ｽ魹ｽﾊｦﾌｫ(wjl)(2100443138): 魹ｽ魹ｽﾃｴﾋｵﾒｲ魹ｽ魹ｽ魹ｽﾔｰ魹ｽ @('_')@
[10:42:08] <<< 魹ｽ魹ｽ魹ｽ魹ｽ魹ｽ魹ｽQQﾈｺ魹ｽ魹ｽ魹ｽ魹ｽ魹ｽ魹ｽ魹ｽ魹ｽ魹ｽﾉｲ魹ｽ魹ｽ 魹ｽ魹ｽﾑｼ魹ｽﾄｵﾍｵ魹ｽ魹ｽ魹ｽ魹ｽﾋ｣魹ｽmathematics魹ｽ魹ｽ(3348832080): 魹ｽ魹ｽ魹ｽﾊｲ魹ｽ魹ｽ罐ｬ魹ｽ魹ｽ魹ｽ魹ｽﾏ｡魹ｽ魹ｽ <*))))>< ?
[10:42:11] <<< 魹ｽ魹ｽ魹ｽ魹ｽ魹ｽ魹ｽQQﾈｺ魹ｽ魹ｽ魹ｽ魹ｽ魹ｽ魹ｽ魹ｽ魹ｽ魹ｽﾉｲ魹ｽ魹ｽ 魹ｽ魹ｽﾑｼ魹ｽﾄｵﾍｵ魹ｽ魹ｽ魹ｽ魹ｽﾋ｣魹ｽmathematics魹ｽ魹ｽ(3348832080): 魹ｽ魹ｽ魹ｽ魹ｽ魹ｽ魹ｽ魹ｽ魹ｽ魹ｽ魹ｽ <*))))>< ?
[10:42:12] <<< 魹ｽ魹ｽ魹ｽ魹ｽ魹ｽ魹ｽQQﾈｺ魹ｽ魹ｽ魹ｽ魹ｽ魹ｽ魹ｽ魹ｽ-魹ｽ魹ｽ魹ｽ魹ｽﾊｦﾌｫ(wjl)(2100443138): 魹ｽ魹ｽ魹ｽﾚｳ魹ｽﾖｵ @('_')@
[10:42:23] <<< 魹ｽ魹ｽ魹ｽ魹ｽ魹ｽ魹ｽQQﾈｺ魹ｽ魹ｽ魹ｽ魹ｽ魹ｽ魹ｽ魹ｽ魹ｽ魹ｽ魹ｽﾋ｡魹ｽ ﾌｫ魹ｽ魹ｽ魹ｽ魹ｽ-魹ｽ魹ｽ魹ｽ魹ｽ魹ｽ魹ｽ魹ｽﾓｹ魹ｽ(Foolish)(1085921834): 魹ｽ魹ｽ魹ｽﾂｴ魹ｽ魹ｽ魹ｽ魹ｽ魹ｽﾈｫ魹ｽ魹ｽ魹ｽ魹ｽ魹ｽ魹ｽ { O v O }
[10:42:52] <<< 魹ｽ魹ｽ魹ｽ魹ｽ魹ｽ魹ｽQQﾈｺ魹ｽ魹ｽ魹ｽ魹ｽ魹ｽ魹ｽ魹ｽ魹ｽ魹ｽﾉｲ魹ｽ魹ｽ 魹ｽ魹ｽﾑｼ魹ｽﾄｵﾍｵ魹ｽ魹ｽ魹ｽ魹ｽﾋ｣魹ｽmathematics魹ｽ魹ｽ(3348832080): 魹ｽ魹ｽ魹ｽ魹ｽ魹ｽ魹ｽﾘｲ魹ｽ魹ｽ魹ｽ魹ｽ魹ｽ魹ｽ琢｡ <*))))>< ?
[10:43:32] <<<                   魹ｽ魹ｽ魹ｽ魹ｽ魹ｽ魹ｽ魹ｽ魹ｽ魹ｽ魹ｽ魹ｽ魹ｽ魹ｽ魹ｽ魹ｽ魹ｽ魹ｽ
[10:43:32] <<<                 魹ｽ魹ｽ 魹ｽ魹ｽﾑｩ魹ｽ魹ｽ魹ｽ魹ｽ魹ｽ魹ｽ魹ｽﾂｹ魹ｽ魹ｽﾐｦ魹ｽ魹ｽ魹ｽ魹ｽ魹ｽ魹ｽ魹ｽﾐｱ魹ｽﾔｧ 魹ｽ魹ｽ
[10:43:32] <<<       	          魹ｽ魹ｽ魹ｽ魹ｽ魹ｽ魹ｽ魹ｽ魹ｽ魹ｽ魹ｽ魹ｽ魹ｽ魹ｽ魹ｽ魹ｽ魹ｽ魹ｽ
[10:43:32] <<<                    魹ｽ魹ｽ魹ｽ魹ｽﾏｷ魹ｽﾎｿ魹ｽ魹ｽ魹ｽﾓｹ魹ｽ魹ｽ魹ｽ魹ｽﾏｵ魹ｽ魹ｽﾐ｡ﾋｵ魹ｽ魹ｽﾐｴ     
[10:43:32] <<<               ----====   魹ｽ魹ｽ  魹ｽ魹ｽ  魹ｽ魹ｽ  魹ｽ魹ｽ  魹ｽ魹ｽ  ====----
[10:43:32] <<<             ﾋｭ  魹ｽ魹ｽ  ﾇｧ  魹ｽ魹ｽ  魹ｽ魹ｽ  魹ｽ魹ｽ  魹ｽ魹ｽ  魹ｽ魹ｽ  魹ｽ魹ｽ  ﾊｮ  魹ｽ魹ｽ  魹ｽ魹ｽ          
[10:43:32] <<<             魹ｽ魹ｽ  魹ｽ魹ｽ  魹ｽ魹ｽ  魹ｽ魹ｽ  魹ｽ魹ｽ  魹ｽ魹ｽ  魹ｽ魹ｽ  魹ｽ魹ｽ  魹ｽ魹ｽ  魹ｽ魹ｽ  魹ｽ魹ｽ  魹ｽ魹ｽ          
[10:43:32] <<<             魹ｽ魹ｽ  魹ｽ魹ｽ  魹ｽ魹ｽ  魹ｽ魹ｽ  魹ｽ魹ｽ  魹ｽ魹ｽ  魹ｽ  魹ｽ魹ｽ  魹ｽ魹ｽ  ﾉｱ  魹ｽ魹ｽ  魹ｽ魹ｽ          
[10:43:32] <<<             魹ｽ魹ｽ  魹ｽ魹ｽ  ﾗｳ  魹ｽ魹ｽ  魹ｽ魹ｽ  ﾈｻ  魹ｽ魹ｽ  魹ｽ魹ｽ  魹ｽ魹ｽ  ﾒｻ  魹ｽ魹ｽ  魹ｽ魹ｽ  魹ｽ魹ｽ      
[10:43:32] <<<             魹ｽ魹ｽ  魹ｽ魹ｽ  ﾊｿ  魹ｽ  魹ｽ魹ｽ  ﾅｵ  魹ｽ魹ｽ  魹ｽ魹ｽ  ﾈ･  魹ｽ魹ｽ  魹ｽ魹ｽ  ﾓｧ          
[10:43:32] <<<             魹ｽ魹ｽ  魹ｽ魹ｽ  魹ｽ魹ｽ  魹ｽ魹ｽ  魹ｽ魹ｽ  魹ｽ魹ｽ  魹ｽ魹ｽ  魹ｽ魹ｽ  魹ｽ魹ｽ  魹ｽ魹ｽ  魹ｽ魹ｽ  魹ｽ魹ｽ  魹ｽ魹ｽ      
[10:43:32] <<<             魹ｽ魹ｽ  魹ｽ魹ｽ  魹ｽ@  魹ｽ魹ｽ  魹ｽ魹ｽ  魹ｽ魹ｽ  魹ｽ魹ｽ  魹ｽ魹ｽ  魹ｽ魹ｽ  ﾇｧ  魹ｽ  魹ｽ魹ｽ          
[10:43:32] <<<             魹ｽ魹ｽ  魹ｽ魹ｽ  魹ｽ魹ｽ  魹ｽ魹ｽ  魹ｽ魹ｽ  魹ｽ魹ｽ  魹ｽ魹ｽ  魹ｽ魹ｽ  魹ｽ魹ｽ  魹ｽ魹ｽ  魹ｽ魹ｽ  魹ｽ魹ｽ  魹ｽ魹ｽ      
[10:43:32] <<<             ﾌｫ  魹ｽ魹ｽ  魹ｽ魹ｽ  魹ｽ魹ｽ  魹ｽ魹ｽ  魹ｽ魹ｽ  ﾈｰ  ﾏ･  魹ｽ魹ｽ  魹ｽ魹ｽ  魹ｽ魹ｽ  ﾋｪ          
[10:43:32] <<<             魹ｽ魹ｽ  魹ｽ魹ｽ  魹ｽ魹ｽ  魹ｽ魹ｽ  魹ｽ魹ｽ  ﾎｪ  魹ｽ魹ｽ  ﾇｰ  魹ｽ魹ｽ  魹ｽ魹ｽ  魹ｽ魹ｽ  ﾑｩ          
[10:43:32] <<<             魹ｽ魹ｽ  ﾓ｢  魹ｽ魹ｽ  魹ｽ魹ｽ  魹ｽ魹ｽ  魹ｽ魹ｽ  魹ｽ魹ｽ  魹ｽ魹ｽ  魹ｽ魹ｽ  魹ｽ魹ｽ  魹ｽ魹ｽ  魹ｽ魹ｽ          
[10:43:32] <<<             魹ｽ魹ｽ  魹ｽ魹ｽ  魹ｽ魹ｽ  魹ｽ魹ｽ  魹ｽ魹ｽ  魹ｽ魹ｽ  魹ｽ魹ｽ  魹ｽ魹ｽ  魹ｽ魹ｽ  魹ｽ魹ｽ  魹ｽ魹ｽ  魹ｽ魹ｽ          
[10:43:32] <<<            魹ｽﾊｺ魹ｽﾋｵ魹ｽ魹ｽ	https://pkuxkx.net/wiki/pkuxkx/account
[10:43:32] <<<            魹ｽ魹ｽ魹ｽﾅｵ魹ｽ魹ｽ魹ｽ	https://pkuxkx.net/wiki/pkuxkx/guide
[10:43:32] <<<            魹ｽ魹ｽﾏｷ魹ｽ魹ｽﾖｷ	mud.pkuxkx.net 8080
[10:43:32] <<<            魹ｽ魹ｽ魹ｽ魹ｽ魹ｽ魹ｽﾒｳ	https://pkuxkx.net
[10:43:32] <<<            魹ｽ魹ｽ魹ｽ魹ｽQQﾈｺ	770985873
[10:43:32] <<< 魹ｽ魹ｽ魹ｽ魹ｽ魹ｽ魹ｽ魹ｽ魹ｽ魹ｽ魹ｽ魹ｽﾑｾ魹ｽﾖｴ魹ｽ魹ｽ魹ｽ魹ｽ魹ｽ魹ｽ魹ｽ魹ｽ魹ｽﾊｮ魹ｽ魹ｽﾐ｡ﾊｱ魹ｽ魹ｽﾊｮ魹ｽ魹ｽ魹ｽ魹ｽﾊｮ魹ｽ槩｣
[10:43:32] <<< ﾄｿﾇｰ魹ｽ魹ｽ魹ｽ魹ｽ 516 ﾎｻ魹ｽ魹ｽ魹ｽ魹ｽ魹ｽ魹ｽ魹ｽ魹ｽﾏ｡魹ｽ
[10:43:32] <<< Input 1 for GBK, 2 for UTF8, 3 for BIG5
[10:43:32] <<< 魹ｽ魹ｽ魹ｽ魹ｽﾓ｢魹ｽ魹ｽ魹ｽ魹ｽ魹ｽﾖ｣魹ｽﾒｪﾗ｢魹ｽ魹ｽ魹ｽ魹ｽ魹ｽ魹ｽ魹ｽ魹ｽ魹ｽ魹ｽ魹ｽ魹ｽ魹ｽ魹ｽnew魹ｽ魹ｽ魹ｽ魹ｽ魹ｽ魹ｽ
[10:46:34] <<< 魹ｽ魹ｽ魹ｽ魹ｽ魹ｽ魹ｽ魹ｽ魹ｽ魹ｽﾟｽ魹ｽ魹ｽ魹ｽ魹ｽ魹ｽ魹ｽ魹ｽ魹ｽ魹ｽﾊｱ魹ｽ魹ｽﾌｫ魹ｽ魹ｽ魹ｽﾋ｣魹ｽ魹ｽﾂｴ魹ｽ魹ｽ魹ｽ魹ｽ魹ｽ魹ｽ魹ｽ魹ｽ魹ｽﾉ｡魹ｽ
[10:47:26] >>> plasticlove
[10:47:29] <<<                   魹ｽ魹ｽ魹ｽ魹ｽ魹ｽ魹ｽ魹ｽ魹ｽ魹ｽ魹ｽ魹ｽ魹ｽ魹ｽ魹ｽ魹ｽ魹ｽ魹ｽ
[10:47:29] <<<                 魹ｽ魹ｽ 魹ｽ魹ｽﾑｩ魹ｽ魹ｽ魹ｽ魹ｽ魹ｽ魹ｽ魹ｽﾂｹ魹ｽ魹ｽﾐｦ魹ｽ魹ｽ魹ｽ魹ｽ魹ｽ魹ｽ魹ｽﾐｱ魹ｽﾔｧ 魹ｽ魹ｽ
[10:47:29] <<<       	          魹ｽ魹ｽ魹ｽ魹ｽ魹ｽ魹ｽ魹ｽ魹ｽ魹ｽ魹ｽ魹ｽ魹ｽ魹ｽ魹ｽ魹ｽ魹ｽ魹ｽ
[10:47:29] <<<                    魹ｽ魹ｽ魹ｽ魹ｽﾏｷ魹ｽﾎｿ魹ｽ魹ｽ魹ｽﾓｹ魹ｽ魹ｽ魹ｽ魹ｽﾏｵ魹ｽ魹ｽﾐ｡ﾋｵ魹ｽ魹ｽﾐｴ     
[10:47:29] <<<               ----====   魹ｽ魹ｽ  魹ｽ魹ｽ  魹ｽ魹ｽ  魹ｽ魹ｽ  魹ｽ魹ｽ  ====----
[10:47:29] <<<             ﾋｭ  魹ｽ魹ｽ  ﾇｧ  魹ｽ魹ｽ  魹ｽ魹ｽ  魹ｽ魹ｽ  魹ｽ魹ｽ  魹ｽ魹ｽ  魹ｽ魹ｽ  ﾊｮ  魹ｽ魹ｽ  魹ｽ魹ｽ          
[10:47:29] <<<             魹ｽ魹ｽ  魹ｽ魹ｽ  魹ｽ魹ｽ  魹ｽ魹ｽ  魹ｽ魹ｽ  魹ｽ魹ｽ  魹ｽ魹ｽ  魹ｽ魹ｽ  魹ｽ魹ｽ  魹ｽ魹ｽ  魹ｽ魹ｽ  魹ｽ魹ｽ          
[10:47:29] <<<             魹ｽ魹ｽ  魹ｽ魹ｽ  魹ｽ魹ｽ  魹ｽ魹ｽ  魹ｽ魹ｽ  魹ｽ魹ｽ  魹ｽ  魹ｽ魹ｽ  魹ｽ魹ｽ  ﾉｱ  魹ｽ魹ｽ  魹ｽ魹ｽ          
[10:47:29] <<<             魹ｽ魹ｽ  魹ｽ魹ｽ  ﾗｳ  魹ｽ魹ｽ  魹ｽ魹ｽ  ﾈｻ  魹ｽ魹ｽ  魹ｽ魹ｽ  魹ｽ魹ｽ  ﾒｻ  魹ｽ魹ｽ  魹ｽ魹ｽ  魹ｽ魹ｽ      
[10:47:29] <<<             魹ｽ魹ｽ  魹ｽ魹ｽ  ﾊｿ  魹ｽ  魹ｽ魹ｽ  ﾅｵ  魹ｽ魹ｽ  魹ｽ魹ｽ  ﾈ･  魹ｽ魹ｽ  魹ｽ魹ｽ  ﾓｧ          
[10:47:29] <<<             魹ｽ魹ｽ  魹ｽ魹ｽ  魹ｽ魹ｽ  魹ｽ魹ｽ  魹ｽ魹ｽ  魹ｽ魹ｽ  魹ｽ魹ｽ  魹ｽ魹ｽ  魹ｽ魹ｽ  魹ｽ魹ｽ  魹ｽ魹ｽ  魹ｽ魹ｽ  魹ｽ魹ｽ      
[10:47:29] <<<             魹ｽ魹ｽ  魹ｽ魹ｽ  魹ｽ@  魹ｽ魹ｽ  魹ｽ魹ｽ  魹ｽ魹ｽ  魹ｽ魹ｽ  魹ｽ魹ｽ  魹ｽ魹ｽ  ﾇｧ  魹ｽ  魹ｽ魹ｽ          
[10:47:29] <<<             魹ｽ魹ｽ  魹ｽ魹ｽ  魹ｽ魹ｽ  魹ｽ魹ｽ  魹ｽ魹ｽ  魹ｽ魹ｽ  魹ｽ魹ｽ  魹ｽ魹ｽ  魹ｽ魹ｽ  魹ｽ魹ｽ  魹ｽ魹ｽ  魹ｽ魹ｽ  魹ｽ魹ｽ      
[10:47:29] <<<             ﾌｫ  魹ｽ魹ｽ  魹ｽ魹ｽ  魹ｽ魹ｽ  魹ｽ魹ｽ  魹ｽ魹ｽ  ﾈｰ  ﾏ･  魹ｽ魹ｽ  魹ｽ魹ｽ  魹ｽ魹ｽ  ﾋｪ          
[10:47:29] <<<             魹ｽ魹ｽ  魹ｽ魹ｽ  魹ｽ魹ｽ  魹ｽ魹ｽ  魹ｽ魹ｽ  ﾎｪ  魹ｽ魹ｽ  ﾇｰ  魹ｽ魹ｽ  魹ｽ魹ｽ  魹ｽ魹ｽ  ﾑｩ          
[10:47:29] <<<             魹ｽ魹ｽ  ﾓ｢  魹ｽ魹ｽ  魹ｽ魹ｽ  魹ｽ魹ｽ  魹ｽ魹ｽ  魹ｽ魹ｽ  魹ｽ魹ｽ  魹ｽ魹ｽ  魹ｽ魹ｽ  魹ｽ魹ｽ  魹ｽ魹ｽ          
[10:47:29] <<<             魹ｽ魹ｽ  魹ｽ魹ｽ  魹ｽ魹ｽ  魹ｽ魹ｽ  魹ｽ魹ｽ  魹ｽ魹ｽ  魹ｽ魹ｽ  魹ｽ魹ｽ  魹ｽ魹ｽ  魹ｽ魹ｽ  魹ｽ魹ｽ  魹ｽ魹ｽ          
[10:47:29] <<<            魹ｽﾊｺ魹ｽﾋｵ魹ｽ魹ｽ	https://pkuxkx.net/wiki/pkuxkx/account
[10:47:29] <<<            魹ｽ魹ｽ魹ｽﾅｵ魹ｽ魹ｽ魹ｽ	https://pkuxkx.net/wiki/pkuxkx/guide
[10:47:29] <<<            魹ｽ魹ｽﾏｷ魹ｽ魹ｽﾖｷ	mud.pkuxkx.net 8080
[10:47:29] <<<            魹ｽ魹ｽ魹ｽ魹ｽ魹ｽ魹ｽﾒｳ	https://pkuxkx.net
[10:47:29] <<<            魹ｽ魹ｽ魹ｽ魹ｽQQﾈｺ	770985873
[10:47:29] <<< 魹ｽ魹ｽ魹ｽ魹ｽ魹ｽ魹ｽ魹ｽ魹ｽ魹ｽ魹ｽ魹ｽﾑｾ魹ｽﾖｴ魹ｽ魹ｽ魹ｽ魹ｽ魹ｽ魹ｽ魹ｽ魹ｽ魹ｽﾊｮ魹ｽ魹ｽﾐ｡ﾊｱ魹ｽ魹ｽﾊｮ魹ｽﾄｷ魹ｽ魹ｽ魹ｽﾊｮ魹ｽ魹ｽ魹ｽ槩｣
[10:47:29] <<< ﾄｿﾇｰ魹ｽ魹ｽ魹ｽ魹ｽ 518 ﾎｻ魹ｽ魹ｽ魹ｽ魹ｽ魹ｽ魹ｽ魹ｽ魹ｽﾏ｡魹ｽ
[10:47:29] <<< Input 1 for GBK, 2 for UTF8, 3 for BIG5
[10:47:29] <<< 魹ｽ魹ｽ魹ｽ魹ｽﾓ｢魹ｽ魹ｽ魹ｽ魹ｽ魹ｽﾖ｣魹ｽﾒｪﾗ｢魹ｽ魹ｽ魹ｽ魹ｽ魹ｽ魹ｽ魹ｽ魹ｽ魹ｽ魹ｽ魹ｽ魹ｽ魹ｽ魹ｽnew魹ｽ魹ｽ魹ｽ魹ｽ魹ｽ魹ｽ
[10:47:31] >>> plasticlove
[10:47:31] <<< 魹ｽ魹ｽID魹ｽ魹ｽ魹ｽ魹ｽ魹ｽﾑｴ魹ｽ魹ｽﾚ｣魹ｽ魹ｽ魹ｽ魹ｽ魹ｽ魹ｽ魹ｽ魹ｽ魹ｽ魹ｽ槵ｺ
[10:47:36] >>> XYH4164831
[10:47:36] <<< 魹ｽ魹ｽ魹ｽ魹ｽ魹ｽ魹ｽ魹ｽ魹ｽ魹ｽ魹ｽﾏ｡魹ｽ
[10:47:36] <<< 魹ｽ魹ｽ魹ｽ魹ｽ魹ｽﾖｮ魹ｽ晪ｬｷ魹ｽ魹ｽ魹ｽ魹ｽ魹ｽﾒｻﾐｩ魹ｽ魹ｽ魹ｽ鬘｣魹ｽ魹ｽ魹ｽ魹ｽ魹ｽ魹ｽ魹ｽ魹ｽﾋｽ筌ｬ魹ｽ魹ｽ魹ｽ魹ｽoffline_log魹ｽ魹ｽ魹ｽ魹ｽ魹ｽﾑｯ魹ｽ魹ｽ
[10:47:36] <<< 魹ｽ魹ｽ魹ｽ魹ｽ魹ｽ魹ｽﾊｼ魹ｽ魹ｽ魹ｽ魹ｽ魹ｽﾄｿﾍｻ魹ｽ魹ｽﾋｶ魹ｽMXP魹ｽ魹ｽﾖｧ魹ｽﾖｳﾌｶﾈ｡魹ｽ魹ｽ魹ｽ魹ｽ5s魹ｽ魹ｽﾖｮ魹ｽ魹ｽﾃｻ魹ｽﾐｷ魹ｽﾓｦ魹ｽ魹ｽ魹ｽ魹ｽ魹ｽ魹ｽ魹ｽ魹ｽﾊｹ魹ｽﾃｵﾄｿﾍｻ魹ｽ魹ｽ魹ｽ魹ｽ魹ｽﾈｫ魹ｽ魹ｽﾖｧ魹ｽ魹ｽMXP,魹ｽ𣝣ｴ魹ｽﾘｳ魹ｽ魹ｽ魹ｽ魹ｽ魹ｽ魹ｽ魹ｽﾍｨﾄ｣ﾊｽ魹ｽ魹ｽ
[10:47:36] <<< 魹ｽﾆｼ魹ｽﾊｹ魹ｽ魹ｽMudlet,MushClient魹ｽ魹ｽZmud魹ｽ魹ｽ魹ｽ魹ｽ魹ｽ魹ｽ魹ｽhttp://pkuxkx.net/forum/thread-9684-1-1.htmlﾑｧﾏｰ魹ｽ魹ｽ魹ｽ魹ｽ魹ｽ魹ｽ魹ｽMXP魹ｽﾍｻ魹ｽ魹ｽﾋ｡魹ｽ
[10:47:36] <<< <SUPPORT>
[10:47:38] <<< 魹ｽ魹ｽﾄｿﾍｻ魹ｽ魹ｽﾋｲ魹ｽﾖｧ魹ｽ魹ｽMXP魹ｽ魹ｽ魹ｽﾜ｣魹ｽﾊｹ魹ｽ魹ｽ魹ｽ魹ｽﾍｨ魹ｽﾄｱ魹ｽﾄ｣ﾊｽ魹ｽ魹ｽ
[10:47:38] <<< > 
[10:47:39] <<< > 
[10:47:42] >>> fullme
[10:47:42] <<< 魹ｽ魹ｽﾖｮﾇｰ魹ｽ魹ｽ魹ｽ魹ｽ魹ｽfullme魹ｽ魹ｽﾃｻ魹ｽ魹ｽ魹ｽ魹ｽﾉ｡魹ｽ魹ｽ魹ｽ魹ｽﾍｼﾆｬ魹ｽﾑｹ魹ｽ魹ｽﾚ｣魹ｽ魹ｽ魹ｽ魹ｽﾔｴ魹ｽ魹ｽ魹ｽ魹ｽﾎ｡魹ｽfullme 1魹ｽ魹ｽ魹ｽ魹ｽ魹ｽ魹ｽ魹ｽ魹ｽ魹ｽ魹ｽfullme魹ｽ魹ｽ
[10:47:42] <<< > 
[10:47:47] >>> fullme 1
[10:47:47] <<< 魹ｽ魹ｽ魹ｽ魹ｽﾊｲﾃｴ魹ｽ魹ｽﾃｻ魹ｽﾐｷ魹ｽ魹ｽ魹ｽ魹ｽ魹ｽ魹ｽ魹ｽ魹ｽ魹ｽ魹ｽﾖｺ魹ｽ魹ｽ魹ｽ魹ｽ魹ｽﾊｲﾃｴ魹ｽ魹ｽ魹ｽ魹ｽ魹ｽ魹ｽ魹ｽ魹ｽ魹ｽﾋ｡魹ｽ魹ｽ魹ｽ魹ｽ魹ｽﾒｻ魹ｽ魹ｽ魹ｽ魹ｽ魹ｽﾔ｣魹ｽ
[10:47:47] <<< > 
[10:47:53] >>> fullme l
[10:47:53] <<< 魹ｽ魹ｽ魹ｽ魹ｽﾊｲﾃｴ魹ｽ魹ｽﾃｻ魹ｽﾐｷ魹ｽ魹ｽ魹ｽ魹ｽ魹ｽ魹ｽ魹ｽ魹ｽ魹ｽ魹ｽﾖｺ魹ｽ魹ｽ魹ｽ魹ｽ魹ｽﾊｲﾃｴ魹ｽ魹ｽ魹ｽ魹ｽ魹ｽ魹ｽ魹ｽ魹ｽ魹ｽﾋ｡魹ｽ魹ｽ魹ｽ魹ｽ魹ｽﾒｻ魹ｽ魹ｽ魹ｽ魹ｽ魹ｽﾔ｣魹ｽ
[10:47:53] <<< > 
[10:47:55] >>> fullme 1
[10:47:56] <<< ﾌｫ魹ｽﾅｺ魹ｽ魹ｽﾋ｡魹ｽ
[10:47:56] <<< > 
[10:47:59] >>> fullme
[10:47:59] <<< 魹ｽ魹ｽﾕｸ魹ｽ魹ｽﾃｹ魹ｽ魹ｽ魹ｽ魹ｽ魹ｽ魹ｽ魹ｽ譩ｻ魹ｽﾃ｣魹ｽ魹ｽ魹ｽﾒｪ8魹ｽ魹ｽ魹ｽ魹ｽ44魹ｽ魹ｽ魹ｽ魹ｽ魹ｽ魹ｽ魹ｽ魹ｽﾃ｡魹ｽ
[10:47:59] <<< > 
[10:48:03] >>> loo
[10:48:03] <<< ﾊｲﾃｴ魹ｽ魹ｽ
[10:48:03] <<< > 
[10:48:05] >>> look
[10:48:05] <<<                     魹ｽ魹ｽ魹ｽ魹ｽ----ﾎｴ魹ｽ魹ｽ魹ｽ魹ｽ----魹ｽ魹ｽﾊｯ魹ｽ魹ｽ    
[10:48:05] <<<                               魹ｽ魹ｽ     
[10:48:05] <<<                            魹ｽ魹ｽﾊｯ魹ｽ魹ｽﾍｷ             
[10:48:05] <<< ﾎｴ魹ｽ魹ｽ魹ｽ魹ｽ - 
[10:48:05] <<<     ﾉｽ魹ｽ魹ｽ魹ｽ魹ｽ魹ｽ魹ｽ魹ｽ魹ｽ魹ｽ魹ｽ魹ｽ魹ｽﾈｴ魹ｽ魹ｽ魹ｽ魹ｽ魹ｽﾐｶ魹ｽﾃｴ魹ｽ魹ｽ魹ｽﾄｵﾄｻ魹ｽ魹ｽ魹ｽ魹ｽﾚｴﾋ｣魹ｽ魹ｽ魹ｽ魹ｽ魹ｽ魹ｽ魹ｽ魹ｽ魹ｽ魹ｽﾅｼ魹ｽ魹ｽ魹ｽﾔｶﾔｶﾆｮ魹ｽ魹ｽ魹ｽﾄｻ魹ｽ魹ｽ罍｣
[10:48:05] <<< 魹ｽ魹ｽ魹ｽ魹ｽ魹ｽ魹ｽ魹ｽ魹ｽ魹ｽ魹ｽﾏｪﾋｮ魹ｽ魹ｽ魹ｽﾋｵ魹ｽ魹ｽ魹ｽ魹ｽ魹ｽ魹ｽ魹ｽﾔｭ魹ｽ魹ｽ魹ｽ魹ｽﾔｶ魹ｽ魹ｽ魹ｽ魹ｽﾒｻ魹ｽ魹ｽ魹ｽ魹ｽ魹ｽﾑｵ魹ｽﾐ｡ﾏｪ(river)魹ｽ魹ｽ魹ｽ魹ｽ魹ｽ魹ｽ魹ｽﾆｺ魹ｽﾉ｢魹ｽ魹ｽ魹ｽ魹ｽﾒｻﾐｩ
[10:48:05] <<< 魹ｽ魹ｽﾊｲ魹ｽ魹ｽ魹ｽ魹ｽﾉｽ魹ｽﾈｵﾄｱ魹ｽ魹ｽ魹ｽ魹ｽ魹ｽ魹ｽ魹ｽ魹ｽ魹ｽ魹ｽﾍｵ魹ｽﾉｽ魹ｽ魹ｽ(path)魹ｽ魹ｽ魹ｽ魹ｽ魹ｽ魹ｽ魹ｽ魹ｽﾍｨ魹ｽ魹ｽ魹ｽ魹ｽ遑｣
[10:48:05] <<<     魹ｽ魹ｽ魹ｽ魹ｽﾔｿ魹ｽ魹ｽ魹ｽ(look):river魹ｽ魹ｽpath魹ｽ魹ｽ魹ｽ魹ｽair魹ｽ魹ｽ魹ｽ魹ｽ
[10:48:05] <<<     魹ｽ魹ｽ魹ｽ邏ｺ魹ｽ魹ｽ: ﾌｫ魹ｽ魹ｽ魹ｽﾕｴﾓｶ魹ｽ魹ｽ魹ｽ魹ｽﾄｵ魹ｽﾆｽ魹ｽ魹ｽ魹ｽ魹ｽ魹ｽ魹ｽ
[10:48:05] <<<     魹ｽ魹ｽ魹ｽ魹ｽ魹ｽ魹ｽ魹ｽﾔｵﾄｷ魹ｽ魹ｽ魹ｽ魹ｽ魹ｽ west魹ｽ魹ｽsouth 魹ｽ魹ｽ east魹ｽ魹ｽ
[10:48:05] <<<     魹ｽ魹ｽﾃｶﾒｰ魹ｽ魹ｽ(Ye guo)
[10:48:05] <<<     魹ｽ魹ｽ魹ｽ魹ｽ魹ｽ魹ｽﾂｫ(Hu lu)
[10:48:05] <<<     魹ｽ魹ｽﾍｨ魹ｽ魹ｽ魹ｽ魹ｽ 魹ｽ魹ｽ魹ｽﾎｪ魹ｽ魹ｽ(Dlyhui) <魹ｽ魹ｽ魹ｽ魹ｽ魹ｽ魹ｽﾊｮ魹ｽ魹ｽ魹ｽ魹ｽ魹ｽ魹ｽ>
[10:48:05] <<< > 
[10:48:28] <<< 魹ｽ魹ｽ魹ｽ魹ｽ魹ｽ魹ｽQQﾈｺ魹ｽ魹ｽ魹ｽ魹ｽ魹ｽ魹ｽ(Onsale): 魹ｽ魹ｽﾉｽ魹ｽ魹ｽ魹ｽ魹ｽ魹ｽ魹ｽ魹ｽ魹ｽﾎｪﾊｲﾃｴ魹ｽﾒｰ魹ｽ魹ｽﾜｺ魹ｽ魹ｽ魹ｽ魹ｽ魹ｽ魹ｽ魹ｽ魹ｽ魹ｽ魹ｽ魹ｽﾒｪ魹ｽ魹ｽ 
[10:48:41] <<< 魹ｽ魹ｽ魹ｽ魹ｽ魹ｽ魹ｽQQﾈｺ魹ｽ魹ｽ魹ｽ魹ｽ魹ｽ魹ｽ(Onsale): 魹ｽﾏｲ魹ｽ魹ｽ魹ｽ魹ｽﾅｽ魹ｽ魹ｽ瑫ｻ魹ｽ魹ｽﾒｪ魹ｽﾜｺ魹ｽ魹ｽ魹ｽ魹ｽ魹ｽ魹ｽ魹ｽﾔｸ魹ｽ魹ｽ魹ｽ魹ｽﾅｰﾉ｡魹ｽ 
[10:48:45] >>> get ye guo
[10:48:45] <<< 魹ｽ魹ｽ魹ｽ魹ｽ魹ｽﾒｻﾃｶﾒｰ魹ｽ魹ｽ魹ｽ魹ｽ
[10:48:45] <<< > 
[10:48:47] >>> get ye guo
[10:48:47] <<< 魹ｽ魹ｽ魹ｽ魹ｽ魹ｽ魹ｽ魹ｽﾑｾ魹ｽ魹ｽ魹ｽﾒｰ魹ｽ魹ｽ魹ｽﾋ｣魹ｽ魹ｽﾃｶ魹ｽ魹ｽ魹ｽﾒｲ魹ｽ魹ｽ魹ｽﾋｷﾑ｡魹ｽ
[10:48:47] <<< > 
[10:48:50] >>> get hu lu
[10:48:50] <<< 魹ｽ魹ｽ魹ｽ魹ｽ魹ｽﾒｻ魹ｽ魹ｽ魹ｽ魹ｽﾂｫ魹ｽ魹ｽ
[10:48:50] <<< > 
[10:48:57] >>> eat ye guo
[10:48:58] <<< 魹ｽ魹ｽ魹ｽ魹ｽ魹ｽ魹ｽﾒｰ魹ｽ魹ｽﾒｧ魹ｽﾋｼ魹ｽ魹ｽﾚ｡魹ｽ
[10:48:58] <<< > 
[10:48:59] >>> eat ye guo
[10:48:59] <<< 魹ｽ魹ｽ魹ｽ魹ｽ魹ｽ魹ｽﾒｰ魹ｽ魹ｽﾒｧ魹ｽﾋｼ魹ｽ魹ｽﾚ｡魹ｽ
[10:48:59] <<< > 
[10:49:00] >>> eat ye guo
[10:49:00] <<< 魹ｽ魹ｽ魹ｽ魹ｽ魹ｽ魹ｽﾒｰ魹ｽ魹ｽﾒｧ魹ｽﾋｼ魹ｽ魹ｽﾚ｡魹ｽ
[10:49:00] <<< > 
[10:49:00] >>> eat ye guo
[10:49:00] <<< 魹ｽ魹ｽ魹ｽ魹ｽ魹ｽ魹ｽﾒｰ魹ｽ魹ｽﾒｧ魹ｽﾋｼ魹ｽ魹ｽﾚ｡魹ｽ
[10:49:00] <<< > 
[10:49:00] >>> eat ye guo
[10:49:00] <<< 魹ｽ魹ｽ魹ｽﾑｾ魹ｽ魹ｽ魹ｽﾌｫ魹ｽ魹ｽ魹ｽﾋ｣魹ｽ魹ｽ魹ｽﾒｲ魹ｽ魹ｽ魹ｽ魹ｽ魹ｽ魹ｽ魹ｽﾎｺﾎｶ魹ｽ魹ｽ魹ｽ魹ｽﾋ｡魹ｽ
[10:49:00] <<< > 
[10:49:00] >>> eat ye guo
[10:49:01] <<< 魹ｽ魹ｽ魹ｽﾑｾ魹ｽ魹ｽ魹ｽﾌｫ魹ｽ魹ｽ魹ｽﾋ｣魹ｽ魹ｽ魹ｽﾒｲ魹ｽ魹ｽ魹ｽ魹ｽ魹ｽ魹ｽ魹ｽﾎｺﾎｶ魹ｽ魹ｽ魹ｽ魹ｽﾋ｡魹ｽ
[10:49:01] <<< > 
[10:49:03] >>> get ye guo
[10:49:03] <<< 魹ｽ魹ｽ魹ｽ魹ｽ魹ｽ魹ｽ魹ｽﾑｾ魹ｽ魹ｽ魹ｽﾒｰ魹ｽ魹ｽ魹ｽﾋ｣魹ｽ魹ｽﾃｶ魹ｽ魹ｽ魹ｽﾒｲ魹ｽ魹ｽ魹ｽﾋｷﾑ｡魹ｽ
[10:49:03] <<< > 
[10:49:05] <<< 魹ｽ魹ｽ魹ｽ魹ｽ魹ｽ魹ｽQQﾈｺ魹ｽ魹ｽ魹ｽ魹ｽ魹ｽ魹ｽ(Onsale): 魹ｽ魹ｽ魹ｽ魹ｽﾈｺ魹ｽ魹ｽ魹ｽ魹ｽ魹ｽ魹ｽ魹ｽ魹ｽ魹ｽ魹ｽ魹ｽ魹ｽ魹ｽ魹ｽ魹ｽ魹ｽ魹ｽ魹ｽ魹ｽ魹ｽﾐｷ魹ｽ魹ｽﾜｺ魹ｽ魹ｽ魹ｽ魹ｽ鮃ｳ魹ｽ魹ｽ魹ｽ魹ｽﾒｻ魹ｽﾋ｣魹ｽ魹ｽ魹ｽ魹ｽ魹ｽ魹ｽﾏｲ魹ｽ魹ｽﾏｲ魹ｽ魹ｽ魹ｽ魹ｽﾅｸ魹ｽ魹ｽ魹ｽ魹ｽ魹ｽ魹ｽﾏｲ魹ｽ魹ｽ魹ｽ魹ｽﾅｽ魹ｽ魹ｽ琚｣魹ｽ魹ｽ 
[10:49:06] <<< 魹ｽ魹ｽ魹ｽ魹ｽ魹ｽ魹ｽQQﾈｺ魹ｽ魹ｽ魹ｽ魹ｽ魹ｽ魹ｽ魹ｽ魹ｽ魹ｽﾉｲ魹ｽ魹ｽ 魹ｽ魹ｽﾑｼ魹ｽﾄｵﾍｵ魹ｽ魹ｽ魹ｽ魹ｽﾋ｣魹ｽmathematics魹ｽ魹ｽ(3348832080): 魹ｽﾃｵ魹ｽﾉｶﾖｸ魹ｽ詝ｿ <*))))>< ?
[10:49:06] >>> item
[10:49:06] <<< ﾊｲﾃｴ魹ｽ魹ｽ
[10:49:06] <<< > 
[10:49:08] >>> bag
[10:49:08] <<< ﾊｲﾃｴ魹ｽ魹ｽ
[10:49:08] <<< > 
[10:49:10] <<< 魹ｽ魹ｽ魹ｽ魹ｽ魹ｽ魹ｽQQﾈｺ魹ｽ魹ｽ魹ｽ魹ｽ魹ｽ魹ｽ魹ｽ魹ｽ魹ｽﾉｲ魹ｽ魹ｽ 魹ｽ魹ｽﾑｼ魹ｽﾄｵﾍｵ魹ｽ魹ｽ魹ｽ魹ｽﾋ｣魹ｽmathematics魹ｽ魹ｽ(3348832080): ﾃｲ魹ｽﾆｲ魹ｽ魹ｽ魹ｽgive <*))))>< ?
[10:49:11] >>> look
[10:49:11] <<<                     魹ｽ魹ｽ魹ｽ魹ｽ----ﾎｴ魹ｽ魹ｽ魹ｽ魹ｽ----魹ｽ魹ｽﾊｯ魹ｽ魹ｽ    
[10:49:11] <<<                               魹ｽ魹ｽ     
[10:49:11] <<<                            魹ｽ魹ｽﾊｯ魹ｽ魹ｽﾍｷ             
[10:49:11] <<< ﾎｴ魹ｽ魹ｽ魹ｽ魹ｽ - 
[10:49:11] <<<     ﾉｽ魹ｽ魹ｽ魹ｽ魹ｽ魹ｽ魹ｽ魹ｽ魹ｽ魹ｽ魹ｽ魹ｽ魹ｽﾈｴ魹ｽ魹ｽ魹ｽ魹ｽ魹ｽﾐｶ魹ｽﾃｴ魹ｽ魹ｽ魹ｽﾄｵﾄｻ魹ｽ魹ｽ魹ｽ魹ｽﾚｴﾋ｣魹ｽ魹ｽ魹ｽ魹ｽ魹ｽ魹ｽ魹ｽ魹ｽ魹ｽ魹ｽﾅｼ魹ｽ魹ｽ魹ｽﾔｶﾔｶﾆｮ魹ｽ魹ｽ魹ｽﾄｻ魹ｽ魹ｽ罍｣
[10:49:11] <<< 魹ｽ魹ｽ魹ｽ魹ｽ魹ｽ魹ｽ魹ｽ魹ｽ魹ｽ魹ｽﾏｪﾋｮ魹ｽ魹ｽ魹ｽﾋｵ魹ｽ魹ｽ魹ｽ魹ｽ魹ｽ魹ｽ魹ｽﾔｭ魹ｽ魹ｽ魹ｽ魹ｽﾔｶ魹ｽ魹ｽ魹ｽ魹ｽﾒｻ魹ｽ魹ｽ魹ｽ魹ｽ魹ｽﾑｵ魹ｽﾐ｡ﾏｪ(river)魹ｽ魹ｽ魹ｽ魹ｽ魹ｽ魹ｽ魹ｽﾆｺ魹ｽﾉ｢魹ｽ魹ｽ魹ｽ魹ｽﾒｻﾐｩ
[10:49:11] <<< 魹ｽ魹ｽﾊｲ魹ｽ魹ｽ魹ｽ魹ｽﾉｽ魹ｽﾈｵﾄｱ魹ｽ魹ｽ魹ｽ魹ｽ魹ｽ魹ｽ魹ｽ魹ｽ魹ｽ魹ｽﾍｵ魹ｽﾉｽ魹ｽ魹ｽ(path)魹ｽ魹ｽ魹ｽ魹ｽ魹ｽ魹ｽ魹ｽ魹ｽﾍｨ魹ｽ魹ｽ魹ｽ魹ｽ遑｣
[10:49:11] <<<     魹ｽ魹ｽ魹ｽ魹ｽﾔｿ魹ｽ魹ｽ魹ｽ(look):river魹ｽ魹ｽpath魹ｽ魹ｽ魹ｽ魹ｽair魹ｽ魹ｽ魹ｽ魹ｽ
[10:49:11] <<<     魹ｽ魹ｽ魹ｽ邏ｺ魹ｽ魹ｽ: ﾌｫ魹ｽ魹ｽ魹ｽﾕｴﾓｶ魹ｽ魹ｽ魹ｽ魹ｽﾄｵ魹ｽﾆｽ魹ｽ魹ｽ魹ｽ魹ｽ魹ｽ魹ｽ
[10:49:11] <<<     魹ｽ魹ｽ魹ｽ魹ｽ魹ｽ魹ｽ魹ｽﾔｵﾄｷ魹ｽ魹ｽ魹ｽ魹ｽ魹ｽ south魹ｽ魹ｽeast 魹ｽ魹ｽ west魹ｽ魹ｽ
[10:49:11] <<<     魹ｽ魹ｽﾂｫ(Hu lu)
[10:49:11] <<<     ﾒｰ魹ｽ魹ｽ(Ye guo)
[10:49:11] <<<     魹ｽ魹ｽﾍｨ魹ｽ魹ｽ魹ｽ魹ｽ 魹ｽ魹ｽ魹ｽﾎｪ魹ｽ魹ｽ(Dlyhui) <魹ｽ魹ｽ魹ｽ魹ｽ魹ｽ魹ｽﾊｮ魹ｽﾟｷ魹ｽ魹ｽ魹ｽ>
[10:49:11] <<< > 
[10:49:13] <<< 魹ｽ魹ｽ魹ｽ魹ｽ魹ｽ魹ｽQQﾈｺ魹ｽ魹ｽ魹ｽ魹ｽﾄｹ魹ｽ魹ｽ-魹ｽ魹ｽ魹ｽ魹ｽ魹ｽ(mirai)(49723516): ﾊｵﾕｽ魹ｽﾐｴ杝ｳｵ魹ｽ魹ｽﾈｽ魹ｽ魹ｽ魹ｽ魹ｽﾃｶ魹ｽ魹ｽﾋｰﾉ｡魹ｽ魹ｽ魹ｽ t(-.-t)
[10:49:15] <<< 魹ｽ魹ｽ魹ｽ魹ｽ魹ｽ魹ｽQQﾈｺ魹ｽ魹ｽ魹ｽ魹ｽ魹ｽ魹ｽ魹ｽ-魹ｽ魹ｽ魹ｽ魹ｽﾊｦﾌｫ(wjl)(2100443138): 魹ｽ盍ｻ魹ｽ魹ｽ魹ｽ魹ｽ魹ｽ魹ｽ魹ｽ魹ｽ瑢ｻﾉｱ魹ｽ魹ｽ @('_')@
[10:49:28] >>> east
[10:49:29] <<< 魹ｽ魹ｽ魹ｽﾖｿ魹ｽ魹ｽﾖｶ魹ｽ魹ｽ魹ｽ魹ｽ魹ｽ魹ｽ魹ｽ魹ｽ魹ｽ魹ｽ魹ｽ魹ｽ魹ｽ魹ｽ魹ｽ魹ｽ魹ｽ魹ｽ魹ｽ魹ｽﾟｲ魹ｽ魹ｽ魹ｽﾂｷ魹ｽ魹ｽ魹ｽ魹ｽjq魹ｽ魹ｽ魹ｽ魹ｽﾓｦ魹ｽ魹ｽ魹ｽ魹ｽﾃｴ魹ｽ魹ｽﾉ｣魹ｽ
[10:49:29] <<< > 
[10:49:29] >>> east
[10:49:29] <<< 魹ｽ魹ｽ魹ｽﾖｿ魹ｽ魹ｽﾖｶ魹ｽ魹ｽ魹ｽ魹ｽ魹ｽ魹ｽ魹ｽ魹ｽ魹ｽ魹ｽ魹ｽ魹ｽ魹ｽ魹ｽ魹ｽ魹ｽ魹ｽ魹ｽ魹ｽ魹ｽﾟｲ魹ｽ魹ｽ魹ｽﾂｷ魹ｽ魹ｽ魹ｽ魹ｽjq魹ｽ魹ｽ魹ｽ魹ｽﾓｦ魹ｽ魹ｽ魹ｽ魹ｽﾃｴ魹ｽ魹ｽﾉ｣魹ｽ
[10:49:29] <<< > 
[10:49:31] <<< 魹ｽ魹ｽ魹ｽ魹ｽ魹ｽ魹ｽQQﾈｺ魹ｽ魹ｽ魹ｽ魹ｽ魹ｽ魹ｽ魹ｽ魹ｽ魹ｽﾉｲ魹ｽ魹ｽ 魹ｽ魹ｽﾑｼ魹ｽﾄｵﾍｵ魹ｽ魹ｽ魹ｽ魹ｽﾋ｣魹ｽmathematics魹ｽ魹ｽ(3348832080): 魹ｽ魹ｽ魹ｽ魹ｽsongxin id <*))))>< ?
[10:49:31] >>> jq
[10:49:32] <<< ﾊｹ魹ｽ魹ｽlook river魹ｽ魹ｽ魹ｽ魹ｽl river魹ｽ魹ｽ魹ｽ詝ｬ魹ｽ魹ｽ魹ｽ魹ｽ魹ｽ魹ｽﾊｾ魹ｽ魹ｽ魹ｽ魹ｽ魹ｽﾔｼ魹ｽ魹ｽﾈｱ魹ｽ魹ｽ魹ｽ魹ｽ罍｣魹ｽ魹ｽ魹ｽﾏｵ魹ｽﾒｰ魹ｽ魹ｽﾒｲ魹ｽ魹ｽ魹ｽﾔｼ魹ｽ魹ｽ魹ｽ魹ｽ魹ｽ魹ｽ莨｢魹ｽ魹ｽ(get ye guo;eat ye guo)
[10:49:32] <<< > 
[10:49:42] >>> get ye guo
[10:49:42] <<< 魹ｽ魹ｽ魹ｽ魹ｽ魹ｽ魹ｽ魹ｽﾑｾ魹ｽ魹ｽ魹ｽﾒｰ魹ｽ魹ｽ魹ｽﾋ｣魹ｽ魹ｽﾃｶ魹ｽ魹ｽ魹ｽﾒｲ魹ｽ魹ｽ魹ｽﾋｷﾑ｡魹ｽ
[10:49:42] <<< > 
[10:49:45] >>> eat ye guo
[10:49:45] <<< 魹ｽ魹ｽ魹ｽﾑｾ魹ｽ魹ｽ魹ｽﾌｫ魹ｽ魹ｽ魹ｽﾋ｣魹ｽ魹ｽ魹ｽﾒｲ魹ｽ魹ｽ魹ｽ魹ｽ魹ｽ魹ｽ魹ｽﾎｺﾎｶ魹ｽ魹ｽ魹ｽ魹ｽﾋ｡魹ｽ
[10:49:45] <<< > 
[10:49:47] <<< 魹ｽ魹ｽ魹ｽ魹ｽ魹ｽ魹ｽQQﾈｺ魹ｽ魹ｽ魹ｽ魹ｽ魹ｽ魹ｽ魹ｽ魹ｽ魹ｽﾉｲ魹ｽ魹ｽ 魹ｽ魹ｽﾑｼ魹ｽﾄｵﾍｵ魹ｽ魹ｽ魹ｽ魹ｽﾋ｣魹ｽmathematics魹ｽ魹ｽ(3348832080): 魹ｽ魹ｽﾍｼﾆｬ[魹ｽ魹ｽﾖｪ魹ｽ魹ｽ]魹ｽ魹ｽ <*))))>< ?
[10:49:52] >>> look river
[10:49:52] <<< 魹ｽ魹ｽ魹ｽ魹ｽﾒｻ魹ｽ魹ｽ魹ｽ蟲ｺ魹ｽ魹ｽﾐ｡ﾏｪ魹ｽ魹ｽﾒｲ魹ｽ魹ｽ魹ｽ魹ｽ魹ｽ魹ｽ魹ｽ魹ｽ魹ｽ魹ｽ魹ｽ魹ｽ魹ｽﾏｵﾄｺ魹ｽﾂｫ(get hulu)魹ｽ魹ｽ
[10:49:52] <<< 魹ｽﾐｾ魹ｽ魹ｽ魹ｽ(l hulu)魹ｽ魹ｽ魹ｽ魹ｽﾊ｢ﾏｪﾋｮ魹ｽﾈ｡魹ｽ
[10:49:52] <<< ﾐ｡ﾏｪ魹ｽ魹ｽ魹ｽ魹ｽ魹ｽ魹ｽ魹ｽ魹ｽ魹ｽ魹ｽﾒｻ魹ｽ魹ｽ魹ｽﾄｾ魹ｽ魹ｽ魹ｽﾐ｡魹ｽ魹ｽ(lake)魹ｽ魹ｽ
[10:49:52] <<< > 
[10:49:55] <<< 魹ｽ魹ｽ魹ｽ魹ｽ魹ｽ魹ｽ魹ｽ魹ｽ魹ｽ魹ｽﾒｻ魹ｽ魹ｽ魹ｽ魹ｽﾂｫ魹ｽ魹ｽ
[10:50:00] <<< 魹ｽ魹ｽ魹ｽ魹ｽ魹ｽ魹ｽ鄂ｫ魹ｽ魹ｽﾂｫﾗｰ魹ｽ魹ｽ魹ｽ魹ｽﾋｮ魹ｽ魹ｽ
[10:50:15] >>> get hulu
[10:50:15] <<< 魹ｽ魹ｽ魹ｽ魹ｽ魹ｽ魹ｽ魹ｽﾑｾ魹ｽ魹ｽﾐｺ魹ｽﾂｫ魹ｽﾋ｣魹ｽ魹ｽﾃｶ魹ｽ魹ｽ魹ｽﾒｲ魹ｽ魹ｽ魹ｽﾋｷﾑ｡魹ｽ
[10:50:15] <<< > 
[10:50:19] >>> look hulu
[10:50:20] <<< 魹ｽ魹ｽﾂｫ(Hu lu)    魹ｽ魹ｽ魹ｽ魹ｽ魹ｽ魹ｽ魹ｽ魹ｽ魹ｽ
[10:50:20] <<< 魹ｽ魹ｽ魹ｽ魹ｽﾒｻ魹ｽ魹ｽ魹ｽ魹ｽﾂｫ魹ｽ魹ｽ魹ｽ魹ｽ魹ｽ魹ｽ魹ｽ魹ｽ魹ｽ魹ｽ魹ｽ魹ｽ魹ｽ魹ｽﾊ｢ﾏｪﾋｮ(fill hulu)魹ｽ魹ｽ魹ｽ魹ｽ魹ｽ魹ｽ(drink hulu)魹ｽ魹ｽ
[10:50:20] <<< 魹ｽ魹ｽ魹ｽ魹ｽﾏｸﾒｻ魹ｽ魹ｽ魹ｽ魹ｽ魹ｽ魹ｽﾂｫ魹ｽﾗｲ魹ｽ魹ｽ魹ｽ魹ｽ魹ｽ魹ｽﾅ｡魹ｽ魹ｽ魹ｽ魹ｽ魹ｽﾉｽﾗｯ魹ｽ魹ｽ魹ｽﾄｸ魹ｽ魹ｽﾖ｡魹ｽ
[10:50:20] <<< 魹ｽ魹ｽ魹ｽﾂｿ魹ｽ魹ｽ魹ｽ魹ｽ魹ｽ魹ｽ魹ｽﾂｫ魹ｽﾆｺ魹ｽ魹ｽ魹ｽﾒｻ魹ｽ魹ｽ魹ｽﾟｴ魹ｽﾎｪﾎ｢魹ｽ魹ｽ魹ｽ魹ｽ魹ｽ魹ｽ魹ｽ魹ｽﾒｻ魹ｽ魹ｽ魹ｽ螢ｩ魹ｽ魹ｽ魹ｽ魹ｽ魹ｽﾎｲﾝｱ魹ｽ魹ｽ魹ｽ魹ｽ魹ｽ魹ｽ魹ｽ魹ｽﾐｿﾕ｡魹ｽ
[10:50:20] <<< > 
[10:50:28] >>> fill hulu
[10:50:29] <<< 魹ｽ羶ｫ魹ｽ魹ｽﾂｫﾗｰ魹ｽ魹ｽ魹ｽ魹ｽﾋｮ魹ｽ魹ｽ
[10:50:29] <<< > 
[10:50:32] >>> drink hulu
[10:50:32] <<< 魹ｽ魹ｽ魹ｽ魹ｽ魹ｽ魹ｽ魹ｽﾂｫ魹ｽ魹ｽ魹ｽ魹ｽ魹ｽ魹ｽﾘｺ魹ｽ魹ｽﾋｼ魹ｽ魹ｽ魹ｽ魹ｽ魹ｽﾋｮ魹ｽ魹ｽ
[10:50:32] <<< > 
[10:50:33] >>> drink hulu
[10:50:33] <<< 魹ｽ魹ｽ魹ｽ魹ｽ魹ｽ魹ｽ魹ｽﾂｫ魹ｽ魹ｽ魹ｽ魹ｽ魹ｽ魹ｽﾘｺ魹ｽ魹ｽﾋｼ魹ｽ魹ｽ魹ｽ魹ｽ魹ｽﾋｮ魹ｽ魹ｽ
[10:50:33] <<< > 
[10:50:34] >>> drink hulu
[10:50:34] >>> drink hulu
[10:50:34] <<< 魹ｽ魹ｽ魹ｽ魹ｽ魹ｽ魹ｽ魹ｽﾂｫ魹ｽ魹ｽ魹ｽ魹ｽ魹ｽ魹ｽﾘｺ魹ｽ魹ｽﾋｼ魹ｽ魹ｽ魹ｽ魹ｽ魹ｽﾋｮ魹ｽ魹ｽ
[10:50:34] <<< > 
[10:50:34] <<< 魹ｽ魹ｽ魹ｽ魹ｽ魹ｽ魹ｽ魹ｽﾂｫ魹ｽ魹ｽ魹ｽ魹ｽ魹ｽ魹ｽﾘｺ魹ｽ魹ｽﾋｼ魹ｽ魹ｽ魹ｽ魹ｽ魹ｽﾋｮ魹ｽ魹ｽ
[10:50:34] <<< > 
[10:50:34] >>> drink hulu
[10:50:34] <<< 魹ｽ魹ｽ魹ｽ魹ｽ魹ｽ魹ｽ魹ｽﾂｫ魹ｽ魹ｽ魹ｽ魹ｽ魹ｽ魹ｽﾘｺ魹ｽ魹ｽﾋｼ魹ｽ魹ｽ魹ｽ魹ｽ魹ｽﾋｮ魹ｽ魹ｽ
[10:50:34] <<< > 
[10:50:34] >>> drink hulu
[10:50:34] <<< 魹ｽ魹ｽ魹ｽ魹ｽ魹ｽ魹ｽ魹ｽﾂｫ魹ｽ魹ｽ魹ｽ魹ｽ魹ｽ魹ｽﾘｺ魹ｽ魹ｽﾋｼ魹ｽ魹ｽ魹ｽ魹ｽ魹ｽﾋｮ魹ｽ魹ｽ
[10:50:34] <<< > 
[10:50:34] >>> drink hulu
[10:50:35] >>> drink hulu
[10:50:35] >>> drink hulu
[10:50:35] <<< 魹ｽ魹ｽ魹ｽ魹ｽ魹ｽ魹ｽ魹ｽﾂｫ魹ｽ魹ｽ魹ｽ魹ｽ魹ｽ魹ｽﾘｺ魹ｽ魹ｽﾋｼ魹ｽ魹ｽ魹ｽ魹ｽ魹ｽﾋｮ魹ｽ魹ｽ
[10:50:35] <<< > 
[10:50:35] <<< 魹ｽ魹ｽ魹ｽ魹ｽ魹ｽ魹ｽ魹ｽﾂｫ魹ｽ魹ｽ魹ｽ魹ｽ魹ｽ魹ｽﾘｺ魹ｽ魹ｽﾋｼ魹ｽ魹ｽ魹ｽ魹ｽ魹ｽﾋｮ魹ｽ魹ｽ
[10:50:35] <<< > 
[10:50:35] <<< 魹ｽ魹ｽ魹ｽ魹ｽ魹ｽ魹ｽ魹ｽﾂｫ魹ｽ魹ｽ魹ｽ魹ｽ魹ｽ魹ｽﾘｺ魹ｽ魹ｽﾋｼ魹ｽ魹ｽ魹ｽ魹ｽ魹ｽﾋｮ魹ｽ魹ｽ
[10:50:35] <<< > 
[10:50:35] >>> drink hulu
[10:50:35] <<< 魹ｽ魹ｽ魹ｽ魹ｽ魹ｽ魹ｽ魹ｽﾂｫ魹ｽ魹ｽ魹ｽ魹ｽ魹ｽ魹ｽﾘｺ魹ｽ魹ｽﾋｼ魹ｽ魹ｽ魹ｽ魹ｽ魹ｽﾋｮ魹ｽ魹ｽ
[10:50:35] <<< > 
[10:50:35] >>> drink hulu
[10:50:36] >>> drink hulu
[10:50:36] <<< 魹ｽﾉｵﾄｲ魹ｽ魹ｽ魹ｽ魹ｽ魹ｽ魹ｽ羈ｻ魹ｽ魹ｽ魹ｽ魹ｽ魹ｽﾋｶ魹ｽﾊｮ魹ｽ羸ｭ魹ｽ鬟ｬﾒｻ魹ｽﾙｵ魹ｽﾇｱ魹ｽﾜ｣魹ｽ
[10:50:36] <<< 魹ｽ魹ｽ魹ｽﾚｳﾔｱ魹ｽ魹ｽ魹ｽ魹ｽ魹ｽ魹ｽﾋ｣魹ｽ魹ｽ魹ｽ魹ｽ魹ｽ魹ｽﾚｿ魹ｽ魹ｽ魹ｽﾈ･魹ｽ魹ｽﾎｧﾌｽ魹ｽ魹ｽ魹ｽﾂ｣魹ｽ魹ｽ魹ｽ魹ｽ魹ｽ魹ｽ魹ｽﾃｻ魹ｽ魹ｽ魹ｽ魹ｽﾖｱ魹ｽﾓｳ魹ｽﾈ･魹ｽﾄｳ魹ｽ魹ｽﾚ｡魹ｽ
[10:50:36] <<< 魹ｽ魹ｽ魹ｽ魹ｽ魹ｽ魹ｽ魹ｽjobquery魹ｽ魹ｽ魹ｽ魹ｽ魹ｽﾋｽ魹ｽ魹ｽ魹ｽ魹ｽ魹ｽ魹ｽ魹ｽﾓｦ魹ｽ魹ｽ魹ｽ魹ｽﾐｩﾊｲﾃｴ魹ｽ魹ｽ
[10:50:36] <<< 魹ｽ魹ｽ魹ｽ魹ｽ魹ｽ魹ｽ魹ｽﾂｫ魹ｽ魹ｽ魹ｽ魹ｽ魹ｽ魹ｽﾘｺ魹ｽ魹ｽﾋｼ魹ｽ魹ｽ魹ｽ魹ｽ魹ｽﾋｮ魹ｽ魹ｽ
[10:50:36] <<< > 
[10:50:36] >>> drink hulu
[10:50:36] <<< 魹ｽ魹ｽ魹ｽﾑｾ魹ｽ魹ｽ魹ｽﾌｫ魹ｽ魹ｽ魹ｽﾋ｣魹ｽ魹ｽ魹ｽﾒｲ魹ｽ犂ｻ魹ｽ魹ｽﾒｻ魹ｽ魹ｽﾋｮ魹ｽﾋ｡魹ｽ
[10:50:36] <<< > 
[10:50:36] <<< 魹ｽ魹ｽ魹ｽﾑｾ魹ｽ魹ｽ魹ｽﾌｫ魹ｽ魹ｽ魹ｽﾋ｣魹ｽ魹ｽ魹ｽﾒｲ魹ｽ犂ｻ魹ｽ魹ｽﾒｻ魹ｽ魹ｽﾋｮ魹ｽﾋ｡魹ｽ
[10:50:36] <<< > 
[10:50:36] >>> drink hulu
[10:50:36] <<< 魹ｽ魹ｽ魹ｽﾑｾ魹ｽ魹ｽ魹ｽﾌｫ魹ｽ魹ｽ魹ｽﾋ｣魹ｽ魹ｽ魹ｽﾒｲ魹ｽ犂ｻ魹ｽ魹ｽﾒｻ魹ｽ魹ｽﾋｮ魹ｽﾋ｡魹ｽ
[10:50:36] <<< > 
[10:50:38] >>> fill hulu
[10:50:38] <<< 魹ｽ羶ｫ魹ｽ魹ｽﾂｫﾗｰ魹ｽ魹ｽ魹ｽ魹ｽﾋｮ魹ｽ魹ｽ
[10:50:38] <<< > 
[10:51:57] >>> jq
[10:51:58] <<< 魹ｽ魹ｽeast(魹ｽ魹ｽe)魹ｽ魹ｽwest(魹ｽ魹ｽw)魹ｽ魹ｽsouth(魹ｽ魹ｽs)魹ｽﾈｷ魹ｽ魹ｽ魹ｽ魹ｽ魹ｽ魹ｽ魹ｽ魹ｽ魹ｽﾌｽ魹ｽ魹ｽﾎｴ魹ｽ魹ｽ魹ｽ魹ｽ魹ｽ魹ｽﾎｧ魹ｽ魹ｽ魹ｽ魹ｽ魹ｽ魹ｽﾘｷ魹ｽ魹ｽ魹ｽ魹ｽ魹ｽ魹ｽﾘｵ魹ｽﾎｴ魹ｽ魹ｽ魹ｽ魹ｽ
[10:51:58] <<< > 
[10:52:01] >>> look
[10:52:02] <<<                     魹ｽ魹ｽ魹ｽ魹ｽ----ﾎｴ魹ｽ魹ｽ魹ｽ魹ｽ----魹ｽ魹ｽﾊｯ魹ｽ魹ｽ    
[10:52:02] <<<                               魹ｽ魹ｽ     
[10:52:02] <<<                            魹ｽ魹ｽﾊｯ魹ｽ魹ｽﾍｷ             
[10:52:02] <<< ﾎｴ魹ｽ魹ｽ魹ｽ魹ｽ - 
[10:52:02] <<<     ﾉｽ魹ｽ魹ｽ魹ｽ魹ｽ魹ｽ魹ｽ魹ｽ魹ｽ魹ｽ魹ｽ魹ｽ魹ｽﾈｴ魹ｽ魹ｽ魹ｽ魹ｽ魹ｽﾐｶ魹ｽﾃｴ魹ｽ魹ｽ魹ｽﾄｵﾄｻ魹ｽ魹ｽ魹ｽ魹ｽﾚｴﾋ｣魹ｽ魹ｽ魹ｽ魹ｽ魹ｽ魹ｽ魹ｽ魹ｽ魹ｽ魹ｽﾅｼ魹ｽ魹ｽ魹ｽﾔｶﾔｶﾆｮ魹ｽ魹ｽ魹ｽﾄｻ魹ｽ魹ｽ罍｣
[10:52:02] <<< 魹ｽ魹ｽ魹ｽ魹ｽ魹ｽ魹ｽ魹ｽ魹ｽ魹ｽ魹ｽﾏｪﾋｮ魹ｽ魹ｽ魹ｽﾋｵ魹ｽ魹ｽ魹ｽ魹ｽ魹ｽ魹ｽ魹ｽﾔｭ魹ｽ魹ｽ魹ｽ魹ｽﾔｶ魹ｽ魹ｽ魹ｽ魹ｽﾒｻ魹ｽ魹ｽ魹ｽ魹ｽ魹ｽﾑｵ魹ｽﾐ｡ﾏｪ(river)魹ｽ魹ｽ魹ｽ魹ｽ魹ｽ魹ｽ魹ｽﾆｺ魹ｽﾉ｢魹ｽ魹ｽ魹ｽ魹ｽﾒｻﾐｩ
[10:52:02] <<< 魹ｽ魹ｽﾊｲ魹ｽ魹ｽ魹ｽ魹ｽﾉｽ魹ｽﾈｵﾄｱ魹ｽ魹ｽ魹ｽ魹ｽ魹ｽ魹ｽ魹ｽ魹ｽ魹ｽ魹ｽﾍｵ魹ｽﾉｽ魹ｽ魹ｽ(path)魹ｽ魹ｽ魹ｽ魹ｽ魹ｽ魹ｽ魹ｽ魹ｽﾍｨ魹ｽ魹ｽ魹ｽ魹ｽ遑｣
[10:52:02] <<<     魹ｽ魹ｽ魹ｽ魹ｽﾔｿ魹ｽ魹ｽ魹ｽ(look):river魹ｽ魹ｽpath魹ｽ魹ｽ魹ｽ魹ｽair魹ｽ魹ｽ魹ｽ魹ｽ
[10:52:02] <<<     魹ｽ魹ｽ魹ｽ邏ｺ魹ｽ魹ｽ: 魹ｽ魹ｽ魹ｽ魹ｽﾋ｣魹ｽ魹ｽﾂｷ魹ｽﾑｿ魹ｽ魹ｽﾖｦﾒｶ魹ｽﾚｷ魹ｽ魹ｽ魹ｽ魹ｽ魹ｽ魹ｽﾅｵ魹ｽﾒ｡ﾒｷ魹ｽﾅ｡魹ｽ
[10:52:02] <<<     魹ｽ魹ｽ魹ｽ魹ｽ魹ｽ魹ｽ魹ｽﾔｵﾄｷ魹ｽ魹ｽ魹ｽ魹ｽ魹ｽ south魹ｽ魹ｽwest 魹ｽ魹ｽ east魹ｽ魹ｽ
[10:52:02] <<<     魹ｽ魹ｽﾂｫ(Hu lu)
[10:52:02] <<<     ﾒｰ魹ｽ魹ｽ(Ye guo)
[10:52:02] <<<     魹ｽ魹ｽﾍｨ魹ｽ魹ｽ魹ｽ魹ｽ 魹ｽ魹ｽ魹ｽﾎｪ魹ｽ魹ｽ(Dlyhui) <魹ｽ魹ｽ魹ｽ魹ｽ魹ｽ魹ｽﾊｮ魹ｽ魹ｽ魹ｽ魹ｽ>
[10:52:02] <<< > 
[10:52:09] >>> look air
[10:52:09] <<< 魹ｽ魹ｽﾒｪ魹ｽ魹ｽﾊｲﾃｴ魹ｽ魹ｽ
[10:52:09] <<< > 
[10:52:15] >>> look path
[10:52:15] <<< 魹ｽ魹ｽ魹ｽ魹ｽﾒｻ魹ｽﾎｶ魹ｽ魹ｽﾍｵ魹ｽﾉｽ魹ｽﾂ｣魹ｽﾓｦ魹ｽﾃｿ魹ｽ魹ｽ魹ｽ魹ｽ魹ｽ魹ｽ魹ｽ魹ｽ魹ｽ魹ｽ魹ｽ魹ｽ魹ｽﾈ･魹ｽ魹ｽ(climb up)
[10:52:15] <<< > 
[10:52:24] >>> e
[10:52:24] <<< ﾚ､ﾚ､魹ｽ魹ｽ魹ｽ魹ｽ魹ｽ魹ｽ魹ｽ魹ｽ魹ｽ魹ｽ魹ｽﾒｻ魹ｽ魹ｽ魹ｽ魹ｽ魹ｽ魹ｽ魹ｽ魹ｽ魹ｽ魹ｽ魹ｽﾂｺﾍｵﾘｶ魹ｽ魹ｽ魹ｽﾋｵ魹ｽ魹ｽ魹ｽ魹ｽ
[10:52:24] <<< 魹ｽ㟁ｱ｣魹ｽ魹ｽ魹ｽ魹ｽ魹ｽ魹ｽﾔｼ魹ｽ魹ｽ魹ｽﾒｻ魹ｽ魹ｽ魹ｽ魹ｽ魹ｽﾏｾ魹ｽ魹ｽ魹ｽ魹ｽ魹ｽ魹ｽ魹ｽ魹ｽ魹ｽ魹ｽ顥ｬﾒｻ魹ｽ魹ｽ魹ｽ魹ｽ魹ｽﾐｵ魹ｽ魹ｽ魹ｽ魹ｽ魹ｽ魹ｽ魹ｽ魹ｽ魹ｽ魹ｽﾄ｣魹ｽ
[10:52:24] <<< 魹ｽ魹ｽ魹ｽ魹ｽ魹ｽ魹ｽ魹ｽﾔｼ魹ｽﾏｲ魹ｽ魹ｽﾉｶ魹ｽ魹ｽ魹ｽﾄｴ魹ｽ魹ｽ魹ｽ魹ｽ魹ｽ魹ｽﾉ｡魹ｽ魹ｽ魹ｽ魹ｽ魹ｽ魹ｽ魹ｽ魹ｽ魹ｽﾊｵ魹ｽﾃｵﾄｴ魹ｽ魹ｽ魹ｽ魹ｽ魹ｽ魹ｽ魹ｽ魹ｽ魹ｽ魹ｽ魹ｽ魹ｽ詝ｺ
[10:52:24] <<< 1魹ｽ魹ｽ魹ｽ魹ｽ魹ｽ魹ｽ魹ｽ魹ｽ魹ｽ魹ｽ魹ｽ魹ｽ look魹ｽ魹ｽ魹ｽ魹ｽ魹ｽ魹ｽ魹ｽ魹ｽﾐｴ魹ｽ魹ｽ魹ｽ魹ｽ魹ｽ魹ｽﾄｸl魹ｽ魹ｽ魹ｽ魹ｽ魹ｽ魹ｽ魹ｽ魹ｽﾔｵ魹ｽ魹ｽ魹ｽ look魹ｽ魹ｽ魹ｽ魹ｽ魹ｽ look魹ｽ魹ｽ魹ｽ魹ｽ look魹ｽ魹ｽ 
[10:52:24] <<< 2魹ｽ魹ｽ魹ｽ魹ｽ魹ｽ魹ｽ魹ｽ魹ｽ魹ｽﾋｾ魹ｽ魹ｽ魹ｽ ask魹ｽ魹ｽ魹ｽ魹ｽ ask魹ｽ魹ｽﾒｻ魹ｽ魹ｽﾊｼ魹ｽ魹ｽﾖｪ魹ｽ魹ｽ ask ﾊｲﾃｴ魹ｽ魹ｽ魹ｽ魹ｽ ask 魹ｽﾔｷ魹ｽ魹ｽ魹ｽid about all魹ｽ魹ｽ
[10:52:24] <<< 魹ｽ魹ｽﾏｷ魹ｽﾄｱ魹ｽ魹ｽ魹ｽ魹ｽ魹ｽ魹ｽ魹ｽﾐ｡魹ｽ魹ｽ魹ｽﾅｼ魹ｽ魹ｽ魹ｽﾓ｢魹ｽﾄｵﾄ｣魹ｽ魹ｽ魹ｽ魹ｽ魹ｽ魹ｽ魹ｽ魹ｽ魹ｽﾊ｣魹ｽ魹ｽ魹ｽ魹ｽ魹ｽ魹ｽ魹ｽ look魹ｽ魹ｽ魹ｽ魹ｽ魹ｽ魹ｽﾇｶ魹ｽ魹ｽﾊ｣魹ｽ魹ｽ魹ｽ魹ｽ魹ｽ魹ｽ魹ｽﾖｱ魹ｽﾓｵ魹ｽ魹ｽ魹ｽ魹ｽ魹ｽ魹ｽ魹ｽ魹ｽ槩｣
[10:52:24] <<< 魹ｽ魹ｽ魹ｽ魹ｽ魹ｽ魹ｽ魹ｽ魹ｽ魹ｽ顥ｬ魹ｽ魹ｽﾍｿ魹ｽ魹ｽ魹ｽlook word魹ｽ魹ｽ魹ｽ魹ｽ魹ｽﾟｼ魹ｽﾐｴ魹ｽ魹ｽl word...
[10:52:24] <<<                   ﾎｴ魹ｽ魹ｽ魹ｽ魹ｽ----魹ｽ魹ｽﾊｯ魹ｽ魹ｽ              
[10:52:24] <<< 魹ｽ魹ｽﾊｯ魹ｽ魹ｽ - 
[10:52:24] <<<     魹ｽ魹ｽ魹ｽﾟｹ魹ｽ魹ｽ魹ｽ魹ｽ魹ｽ魹ｽ魹ｽﾇｰ魹ｽ魹ｽ魹ｽ魹ｽﾒｻﾆｬ魹ｽ魹ｽ魹ｽ魹ｽ魹ｽ魹ｽ魹ｽ魹ｽ魹ｽ魹ｽﾖｮ魹ｽﾐ｣魹ｽ魹ｽ魹ｽ魹ｽ魹ｽﾔｼ魹ｽﾆｼ魹ｽ魹ｽﾋｼ魹ｽ魹ｽ魹ｽ魹ｽ魹ｽ魹ｽ魹ｽ魹ｽﾄｻ魹ｽﾉｫ魹ｽ魹ｽﾊｯ魹ｽ魹ｽ魹ｽ魹ｽ魹ｽ
[10:52:24] <<< 魹ｽ魹ｽﾗｪ魹ｽ魹ｽ魹ｽ歖ｪ魹ｽ魹ｽﾈｴ魹ｽ魹ｽ魹ｽ魹ｽ魹ｽﾆｺ魹ｽ魹ｽ魹ｽ魹ｽ魹ｽﾍｷ魹ｽ魹ｽ魹ｽ魹ｽﾐｩ魹ｽ魹ｽﾊｯ魹ｽ魹ｽ魹ｽ魹ｽ魹ｽ魹ｽ魹ｽ魹ｽ魹ｽ魹ｽ魹ｽﾂ｣魹ｽﾏｸ魹ｽ魹ｽ魹ｽﾂｷ魹ｽ魹ｽ魹ｽ魹ｽﾆｺ魹ｽ魹ｽﾇｰ魹ｽﾊｲﾃｴ魹ｽ魹ｽ魹ｽ魹ｽ
[10:52:24] <<< 魹ｽﾅｳﾉｵﾄ｡魹ｽ魹ｽﾐｼ魹ｽ魹ｽ魹ｽﾊｯﾍｷ魹ｽ魹ｽ魹ｽ魹ｽﾐｩ魹ｽ魹ｽ魹ｽ魹ｽ(word)魹ｽ魹ｽ
[10:52:24] <<<     魹ｽ魹ｽ魹ｽ邏ｺ魹ｽ魹ｽ: 魹ｽ魹ｽ魹ｽ魹ｽﾋ｣魹ｽ魹ｽﾂｷ魹ｽﾑｿ魹ｽ魹ｽﾖｦﾒｶ魹ｽﾚｷ魹ｽ魹ｽ魹ｽ魹ｽ魹ｽ魹ｽﾅｵ魹ｽﾒ｡ﾒｷ魹ｽﾅ｡魹ｽ
[10:52:24] <<<     魹ｽ魹ｽ魹ｽ魹ｽﾎｨﾒｻ魹ｽﾄｷ魹ｽ魹ｽ魹ｽ魹ｽ魹ｽ west魹ｽ魹ｽ
[10:52:24] <<< > 
[10:52:27] <<< 魹ｽ魹ｽ魹ｽ魹ｽ魹ｽ魹ｽQQﾈｺ魹ｽ魹ｽ魹ｽ魹ｽ魹ｽ魹ｽ魹ｽ魹ｽ魹ｽ魹ｽ魹ｽ魹ｽ魹ｽ 魹ｽ魹ｽﾉｽ魹ｽﾉｨC魹ｽﾆｷ邉､魹ｽC魹ｽﾎｽ魹ｽﾊｽ(17027599): 魹ｽ魹ｽ魹ｽ皀ｬﾍｬ魹ｽ魹ｽﾖｱ魹ｽﾓｲ魹ｽ魹ｽ魹ｽﾋｭ魹ｽ魹ｽ魹ｽ魹ｽ魹ｽ魹ｽ @('_')@
[10:52:27] >>> w
[10:52:28] <<<                     魹ｽ魹ｽ魹ｽ魹ｽ----ﾎｴ魹ｽ魹ｽ魹ｽ魹ｽ----魹ｽ魹ｽﾊｯ魹ｽ魹ｽ    
[10:52:28] <<<                               魹ｽ魹ｽ     
[10:52:28] <<<                            魹ｽ魹ｽﾊｯ魹ｽ魹ｽﾍｷ             
[10:52:28] <<< ﾎｴ魹ｽ魹ｽ魹ｽ魹ｽ - 
[10:52:28] <<<     ﾉｽ魹ｽ魹ｽ魹ｽ魹ｽ魹ｽ魹ｽ魹ｽ魹ｽ魹ｽ魹ｽ魹ｽ魹ｽﾈｴ魹ｽ魹ｽ魹ｽ魹ｽ魹ｽﾐｶ魹ｽﾃｴ魹ｽ魹ｽ魹ｽﾄｵﾄｻ魹ｽ魹ｽ魹ｽ魹ｽﾚｴﾋ｣魹ｽ魹ｽ魹ｽ魹ｽ魹ｽ魹ｽ魹ｽ魹ｽ魹ｽ魹ｽﾅｼ魹ｽ魹ｽ魹ｽﾔｶﾔｶﾆｮ魹ｽ魹ｽ魹ｽﾄｻ魹ｽ魹ｽ罍｣
[10:52:28] <<< 魹ｽ魹ｽ魹ｽ魹ｽ魹ｽ魹ｽ魹ｽ魹ｽ魹ｽ魹ｽﾏｪﾋｮ魹ｽ魹ｽ魹ｽﾋｵ魹ｽ魹ｽ魹ｽ魹ｽ魹ｽ魹ｽ魹ｽﾔｭ魹ｽ魹ｽ魹ｽ魹ｽﾔｶ魹ｽ魹ｽ魹ｽ魹ｽﾒｻ魹ｽ魹ｽ魹ｽ魹ｽ魹ｽﾑｵ魹ｽﾐ｡ﾏｪ(river)魹ｽ魹ｽ魹ｽ魹ｽ魹ｽ魹ｽ魹ｽﾆｺ魹ｽﾉ｢魹ｽ魹ｽ魹ｽ魹ｽﾒｻﾐｩ
[10:52:28] <<< 魹ｽ魹ｽﾊｲ魹ｽ魹ｽ魹ｽ魹ｽﾉｽ魹ｽﾈｵﾄｱ魹ｽ魹ｽ魹ｽ魹ｽ魹ｽ魹ｽ魹ｽ魹ｽ魹ｽ魹ｽﾍｵ魹ｽﾉｽ魹ｽ魹ｽ(path)魹ｽ魹ｽ魹ｽ魹ｽ魹ｽ魹ｽ魹ｽ魹ｽﾍｨ魹ｽ魹ｽ魹ｽ魹ｽ遑｣
[10:52:28] <<<     魹ｽ魹ｽ魹ｽ邏ｺ魹ｽ魹ｽ: 魹ｽ魹ｽ魹ｽ魹ｽﾋ｣魹ｽ魹ｽﾂｷ魹ｽﾑｿ魹ｽ魹ｽﾖｦﾒｶ魹ｽﾚｷ魹ｽ魹ｽ魹ｽ魹ｽ魹ｽ魹ｽﾅｵ魹ｽﾒ｡ﾒｷ魹ｽﾅ｡魹ｽ
[10:52:28] <<<     魹ｽ魹ｽ魹ｽ魹ｽ魹ｽ魹ｽ魹ｽﾔｵﾄｷ魹ｽ魹ｽ魹ｽ魹ｽ魹ｽ west魹ｽ魹ｽeast 魹ｽ魹ｽ south魹ｽ魹ｽ
[10:52:28] <<<     魹ｽ魹ｽﾂｫ(Hu lu)
[10:52:28] <<<     魹ｽ魹ｽﾍｨ魹ｽ魹ｽ魹ｽ魹ｽ 魹ｽ魹ｽ魹ｽﾎｪ魹ｽ魹ｽ(Dlyhui) <魹ｽ魹ｽ魹ｽ魹ｽ魹ｽ魹ｽﾊｮﾒｻ魹ｽ魹ｽ魹ｽ魹ｽ>
[10:52:28] <<<     ﾒｰ魹ｽ魹ｽ(Ye guo)
[10:52:28] <<< > 
[10:52:30] <<< 魹ｽ魹ｽ魹ｽ魹ｽ魹ｽ魹ｽQQﾈｺ魹ｽ魹ｽ魹ｽ魹ｽ魹ｽ魹ｽ魹ｽ魹ｽ魹ｽ魹ｽ魹ｽ魹ｽ魹ｽ 魹ｽ魹ｽﾉｽ魹ｽﾉｨC魹ｽﾆｷ邉､魹ｽC魹ｽﾎｽ魹ｽﾊｽ(17027599): 魹ｽ魹ｽ魹ｽ魹ｽ魹ｽ菴ｫ @('_')@
[10:52:34] >>> w
[10:52:34] <<<                              魹ｽ魹ｽ魹ｽ魹ｽ-----ﾎｴ魹ｽ魹ｽ魹ｽ魹ｽ    
[10:52:34] <<< 魹ｽ魹ｽ魹ｽ魹ｽ - 
[10:52:34] <<<     魹ｽ羞ｽ魹ｽ魹ｽﾒｻﾆｬ魹ｽ魹ｽ魹ｽ魹ｽ魹ｽ魹ｽ牾ｵ魹ｽ魹ｽ魹ｽ魹ｽﾖ｡魹ｽ魹ｽ魹ｽ魹ｽ魹ｽ魹ｽ魹ｽ魹ｽ魹ｽﾄｾ魹ｽ魹ｽ魹ｽ魹ｽ魹ｽ魹ｽ魹ｽ魹ｽ魹ｽ魹ｽ魹ｽ魹ｽﾃｯ魹ｽ魹ｽ魹ｽ魹ｽ魹ｽ魹ｽﾈｴ魹ｽ魹ｽ魹ｽﾇｴ魹ｽ魹ｽ魹ｽﾖｦ魹ｽ魹ｽﾒｶ魹ｽ魹ｽ
[10:52:34] <<< 魹ｽ魹ｽﾏｶ魹ｽ魹ｽ魹ｽ魹ｽ魹ｽﾂ｣魹ｽ魹ｽ魹ｽ魹ｽﾚｰ魹ｽ魹ｽ逎ｬ魹ｽ魹ｽ魹ｽ魹ｽﾒｲ魹ｽ邱ｱ魹ｽﾇｵ魹ｽ罍｣ﾒｻ魹ｽ魹ｽ邏ｵ魹ｽ魹ｽ魹ｽ魹ｽﾖｦ魹ｽ魹ｽ魹ｽ魹ｽ魹ｽﾅｵ魹ｽ魹ｽ魹ｽ魹ｽﾒｻ魹ｽ魹ｽ魹ｽ魹ｽﾈｫﾃｰ
[10:52:34] <<< 魹ｽ魹ｽ魹ｽ魹ｽ魹ｽ魹ｽ魹ｽ魹ｽ魹ｽ魹ｽ魹ｽ魹ｽ魹ｽ魹ｽ魹ｽ魹ｽ魹ｽ魹ｽ魹ｽ魹ｽ魹ｽ魹ｽ魹ｽﾕ｡魹ｽ魹ｽ魹ｽ魹ｽ魹ｽ魹ｽ魹ｽ魹ｽ魹ｽ魹ｽ豉ｦ魹ｽ魹ｽﾈ･魹ｽ魹ｽ魹ｽ魹ｽﾐｩ魹ｽ魹ｽﾂｹ魹ｽ魹ｽ魹ｽ魹ｽ魹ｽﾓｴ魹ｽ魹ｽ魹ｽ魹ｽ魹ｽ茱ｬ魹ｽﾃｲ魹ｽ魹ｽ魹ｽ魹ｽ魹ｽ
[10:52:34] <<< 魹ｽ魹ｽ
[10:52:34] <<<     魹ｽ魹ｽ魹ｽ邏ｺ魹ｽ魹ｽ: 魹ｽ魹ｽ魹ｽ魹ｽﾋ｣魹ｽ魹ｽﾂｷ魹ｽﾑｿ魹ｽ魹ｽﾖｦﾒｶ魹ｽﾚｷ魹ｽ魹ｽ魹ｽ魹ｽ魹ｽ魹ｽﾅｵ魹ｽﾒ｡ﾒｷ魹ｽﾅ｡魹ｽ
[10:52:34] <<<     魹ｽ魹ｽ魹ｽ魹ｽﾎｨﾒｻ魹ｽﾄｷ魹ｽ魹ｽ魹ｽ魹ｽ魹ｽ east魹ｽ魹ｽ
[10:52:34] <<<     魹ｽ魹ｽ魹ｽ魹ｽ(Hu die)
[10:52:34] <<<     ﾃｷ魹ｽ魹ｽﾂｹ(Meihua lu)
[10:52:34] <<< > 
[10:52:42] >>> look
[10:52:42] <<<                              魹ｽ魹ｽ魹ｽ魹ｽ-----ﾎｴ魹ｽ魹ｽ魹ｽ魹ｽ    
[10:52:42] <<< 魹ｽ魹ｽ魹ｽ魹ｽ - 
[10:52:42] <<<     魹ｽ羞ｽ魹ｽ魹ｽﾒｻﾆｬ魹ｽ魹ｽ魹ｽ魹ｽ魹ｽ魹ｽ牾ｵ魹ｽ魹ｽ魹ｽ魹ｽﾖ｡魹ｽ魹ｽ魹ｽ魹ｽ魹ｽ魹ｽ魹ｽ魹ｽ魹ｽﾄｾ魹ｽ魹ｽ魹ｽ魹ｽ魹ｽ魹ｽ魹ｽ魹ｽ魹ｽ魹ｽ魹ｽ魹ｽﾃｯ魹ｽ魹ｽ魹ｽ魹ｽ魹ｽ魹ｽﾈｴ魹ｽ魹ｽ魹ｽﾇｴ魹ｽ魹ｽ魹ｽﾖｦ魹ｽ魹ｽﾒｶ魹ｽ魹ｽ
[10:52:42] <<< 魹ｽ魹ｽﾏｶ魹ｽ魹ｽ魹ｽ魹ｽ魹ｽﾂ｣魹ｽ魹ｽ魹ｽ魹ｽﾚｰ魹ｽ魹ｽ逎ｬ魹ｽ魹ｽ魹ｽ魹ｽﾒｲ魹ｽ邱ｱ魹ｽﾇｵ魹ｽ罍｣ﾒｻ魹ｽ魹ｽ邏ｵ魹ｽ魹ｽ魹ｽ魹ｽﾖｦ魹ｽ魹ｽ魹ｽ魹ｽ魹ｽﾅｵ魹ｽ魹ｽ魹ｽ魹ｽﾒｻ魹ｽ魹ｽ魹ｽ魹ｽﾈｫﾃｰ
[10:52:42] <<< 魹ｽ魹ｽ魹ｽ魹ｽ魹ｽ魹ｽ魹ｽ魹ｽ魹ｽ魹ｽ魹ｽ魹ｽ魹ｽ魹ｽ魹ｽ魹ｽ魹ｽ魹ｽ魹ｽ魹ｽ魹ｽ魹ｽ魹ｽﾕ｡魹ｽ魹ｽ魹ｽ魹ｽ魹ｽ魹ｽ魹ｽ魹ｽ魹ｽ魹ｽ豉ｦ魹ｽ魹ｽﾈ･魹ｽ魹ｽ魹ｽ魹ｽﾐｩ魹ｽ魹ｽﾂｹ魹ｽ魹ｽ魹ｽ魹ｽ魹ｽﾓｴ魹ｽ魹ｽ魹ｽ魹ｽ魹ｽ茱ｬ魹ｽﾃｲ魹ｽ魹ｽ魹ｽ魹ｽ魹ｽ
[10:52:42] <<< 魹ｽ魹ｽ
[10:52:42] <<<     魹ｽ魹ｽ魹ｽ魹ｽﾔｿ魹ｽ魹ｽ魹ｽ(look):魹ｽ魹ｽair魹ｽ魹ｽ魹ｽ魹ｽ
[10:52:42] <<<     魹ｽ魹ｽ魹ｽ邏ｺ魹ｽ魹ｽ: 魹ｽ魹ｽ魹ｽ魹ｽﾋ｣魹ｽ魹ｽﾂｷ魹ｽﾑｿ魹ｽ魹ｽﾖｦﾒｶ魹ｽﾚｷ魹ｽ魹ｽ魹ｽ魹ｽ魹ｽ魹ｽﾅｵ魹ｽﾒ｡ﾒｷ魹ｽﾅ｡魹ｽ
[10:52:42] <<<     魹ｽ魹ｽ魹ｽ魹ｽﾎｨﾒｻ魹ｽﾄｷ魹ｽ魹ｽ魹ｽ魹ｽ魹ｽ east魹ｽ魹ｽ
[10:52:42] <<<     魹ｽ魹ｽ魹ｽ魹ｽ(Hu die)
[10:52:42] <<<     ﾃｷ魹ｽ魹ｽﾂｹ(Meihua lu)
[10:52:42] <<< > 
[10:52:46] >>> get hu die
[10:52:46] <<< ﾊｲﾃｴ魹ｽ魹ｽ
[10:52:46] <<< > 
[10:52:49] <<< 魹ｽ魹ｽ魹ｽ魹ｽ魹ｽﾗ｡魹ｽ魹ｽ魹ｽﾒｹ魹ｽ魹ｽ魹ｽ魹ｽ魹ｽ魹ｽ魹ｽ魹ｽ魹ｽ魹ｽﾎｻ魹ｽﾃｳ魹ｽ魹ｽ筌ｬ魹ｽ魹ｽ魹ｽ魹ｽﾈｶ魹ｽ魹ｽﾊｹ魹ｽ魹ｽpost <魹ｽ魹ｽ魹ｽ魹ｽ>魹ｽ魹ｽ魹ｽ魹ｽ魹ｽ魹ｽ譽ｬ魹ｽ魹ｽ魹ｽ魹ｽﾒｻ魹ｽﾙｶ魹ｽ魹ｽﾆｽ魹ｽ/魹ｽ琚｣ 
[10:52:49] <<< 魹ｽ魹ｽ魹ｽ魹ｽ魹ｽ魹ｽQQﾈｺ魹ｽ魹ｽ魹ｽ魹ｽ魹ｽ魹ｽ魹ｽ魹ｽ魹ｽ魹ｽﾋ｡魹ｽ ﾌｫ魹ｽ魹ｽ魹ｽ魹ｽ-魹ｽ魹ｽ魹ｽ魹ｽ魹ｽ魹ｽ魹ｽﾓｹ魹ｽ(Foolish)(1085921834): 魹ｽ魹ｽ魹ｽ魹ｽ魹ｽﾊｾ魹ｽ魹ｽ魹ｽ魹ｽgive魹ｽ魹ｽ { O v O }
[10:52:53] >>> look hu die
[10:52:53] <<<     LV 1    
[10:52:53] <<< 魹ｽ魹ｽ魹ｽ魹ｽ(Hu die)
[10:52:53] <<< 魹ｽ魹ｽ魹ｽ魹ｽ魹ｽ魹ｽ魹ｽ魹ｽ魹ｽ魹ｽﾑｪ魹ｽ魹ｽﾓｯ魹ｽ魹ｽ魹ｽ魹ｽﾃｻ魹ｽ魹ｽ魹ｽ魹ｽ魹ｽﾋ｡魹ｽ
[10:52:53] <<< 魹ｽ魹ｽ魹ｽ魹ｽﾒｻﾖｻ魹ｽ魹ｽﾉｫ魹ｽﾄｺ魹ｽ魹ｽ魹ｽ魹ｽ魹ｽ魹ｽ魹ｽ魹ｽﾄｳ魹ｽ魹ｽ魹ｽ魹ｽ魹ｽ魹ｽ魹ｽ魹ｽ魹ｽ魹ｽ魹ｽﾛｾ魹ｽﾒｻ魹ｽ魹ｽ魹ｽﾄｰﾟｵ罍｣
[10:52:53] <<< > 
[10:53:00] >>> look meihua lu
[10:53:00] <<<     LV 1    
[10:53:00] <<< ﾃｷ魹ｽ魹ｽﾂｹ(Meihua lu)
[10:53:00] <<< 魹ｽ魹ｽ魹ｽ魹ｽ魹ｽﾋｲ魹ｽ魹ｽ皀ｬ魹ｽ魹ｽ魹ｽ魹ｽ魹ｽ魹ｽﾗｴ魹ｽ魹ｽ魹ｽ魹ｽ魹ｽ魹ｽﾌｫ魹ｽﾃ｡魹ｽ
[10:53:00] <<< 魹ｽ魹ｽ魹ｽ魹ｽﾒｻﾖｻ魹ｽ魹ｽ魹ｽ魹ｽ魹ｽ魹ｽﾃｷ魹ｽ魹ｽﾂｹ魹ｽ魹ｽ魹ｽ魹ｽ魹ｽﾏｵﾄｰﾟｵ魹ｽﾇ｡魹ｽ魹ｽﾃｷ魹ｽ魹ｽ魹ｽ魹ｽ魹ｽ魹ｽ魹ｽ魹ｽ魹ｽ魹ｽ魹ｽ魹ｽ魹ｽ魹ｽ魹ｽ魹ｽ魹ｽ魹ｽ魹ｽ魹ｽ魹ｽﾅｵ魹ｽ魹ｽ魹ｽ魹ｽ魹ｽ魹ｽﾏ｡魹ｽ
[10:53:00] <<< > 
[10:53:01] <<< 魹ｽ魹ｽ魹ｽ魹ｽ魹ｽ魹ｽQQﾈｺ魹ｽ魹ｽ魹ｽ魹ｽ魹ｽ魹ｽ魹ｽ魹ｽ魹ｽ魹ｽﾋ｡魹ｽ ﾌｫ魹ｽ魹ｽ魹ｽ魹ｽ-魹ｽ魹ｽ魹ｽ魹ｽ魹ｽ魹ｽ魹ｽﾓｹ魹ｽ(Foolish)(1085921834): 魹ｽ魹ｽ魹ｽ魹ｽ魹ｽ魹ｽ魹ｽﾖｸ魹ｽ魹ｽ魹ｽ魹ｽsongxin魹ｽ魹ｽ { O v O }
[10:53:05] >>> jq
[10:53:06] <<< 魹ｽ魹ｽeast(魹ｽ魹ｽe)魹ｽ魹ｽwest(魹ｽ魹ｽw)魹ｽ魹ｽsouth(魹ｽ魹ｽs)魹ｽﾈｷ魹ｽ魹ｽ魹ｽ魹ｽ魹ｽ魹ｽ魹ｽ魹ｽ魹ｽﾌｽ魹ｽ魹ｽﾎｴ魹ｽ魹ｽ魹ｽ魹ｽ魹ｽ魹ｽﾎｧ魹ｽ魹ｽ魹ｽ魹ｽ魹ｽ魹ｽﾘｷ魹ｽ魹ｽ魹ｽ魹ｽ魹ｽ魹ｽﾘｵ魹ｽﾎｴ魹ｽ魹ｽ魹ｽ魹ｽ
[10:53:06] <<< > 
[10:53:09] >>> w
[10:53:09] <<< 魹ｽ魹ｽ魹ｽ魹ｽ魹ｽ魹ｽ魹ｽﾃｻ魹ｽﾐｳ魹ｽﾂｷ魹ｽ魹ｽ
[10:53:09] <<< > 
[10:53:10] >>> look
[10:53:11] <<<                              魹ｽ魹ｽ魹ｽ魹ｽ-----ﾎｴ魹ｽ魹ｽ魹ｽ魹ｽ    
[10:53:11] <<< 魹ｽ魹ｽ魹ｽ魹ｽ - 
[10:53:11] <<<     魹ｽ羞ｽ魹ｽ魹ｽﾒｻﾆｬ魹ｽ魹ｽ魹ｽ魹ｽ魹ｽ魹ｽ牾ｵ魹ｽ魹ｽ魹ｽ魹ｽﾖ｡魹ｽ魹ｽ魹ｽ魹ｽ魹ｽ魹ｽ魹ｽ魹ｽ魹ｽﾄｾ魹ｽ魹ｽ魹ｽ魹ｽ魹ｽ魹ｽ魹ｽ魹ｽ魹ｽ魹ｽ魹ｽ魹ｽﾃｯ魹ｽ魹ｽ魹ｽ魹ｽ魹ｽ魹ｽﾈｴ魹ｽ魹ｽ魹ｽﾇｴ魹ｽ魹ｽ魹ｽﾖｦ魹ｽ魹ｽﾒｶ魹ｽ魹ｽ
[10:53:11] <<< 魹ｽ魹ｽﾏｶ魹ｽ魹ｽ魹ｽ魹ｽ魹ｽﾂ｣魹ｽ魹ｽ魹ｽ魹ｽﾚｰ魹ｽ魹ｽ逎ｬ魹ｽ魹ｽ魹ｽ魹ｽﾒｲ魹ｽ邱ｱ魹ｽﾇｵ魹ｽ罍｣ﾒｻ魹ｽ魹ｽ邏ｵ魹ｽ魹ｽ魹ｽ魹ｽﾖｦ魹ｽ魹ｽ魹ｽ魹ｽ魹ｽﾅｵ魹ｽ魹ｽ魹ｽ魹ｽﾒｻ魹ｽ魹ｽ魹ｽ魹ｽﾈｫﾃｰ
[10:53:11] <<< 魹ｽ魹ｽ魹ｽ魹ｽ魹ｽ魹ｽ魹ｽ魹ｽ魹ｽ魹ｽ魹ｽ魹ｽ魹ｽ魹ｽ魹ｽ魹ｽ魹ｽ魹ｽ魹ｽ魹ｽ魹ｽ魹ｽ魹ｽﾕ｡魹ｽ魹ｽ魹ｽ魹ｽ魹ｽ魹ｽ魹ｽ魹ｽ魹ｽ魹ｽ豉ｦ魹ｽ魹ｽﾈ･魹ｽ魹ｽ魹ｽ魹ｽﾐｩ魹ｽ魹ｽﾂｹ魹ｽ魹ｽ魹ｽ魹ｽ魹ｽﾓｴ魹ｽ魹ｽ魹ｽ魹ｽ魹ｽ茱ｬ魹ｽﾃｲ魹ｽ魹ｽ魹ｽ魹ｽ魹ｽ
[10:53:11] <<< 魹ｽ魹ｽ
[10:53:11] <<<     魹ｽ魹ｽ魹ｽ魹ｽﾔｿ魹ｽ魹ｽ魹ｽ(look):魹ｽ魹ｽair魹ｽ魹ｽ魹ｽ魹ｽ
[10:53:11] <<<     魹ｽ魹ｽ魹ｽ邏ｺ魹ｽ魹ｽ: 魹ｽ魹ｽ魹ｽ魹ｽﾋ｣魹ｽ魹ｽﾂｷ魹ｽﾑｿ魹ｽ魹ｽﾖｦﾒｶ魹ｽﾚｷ魹ｽ魹ｽ魹ｽ魹ｽ魹ｽ魹ｽﾅｵ魹ｽﾒ｡ﾒｷ魹ｽﾅ｡魹ｽ
[10:53:11] <<<     魹ｽ魹ｽ魹ｽ魹ｽﾎｨﾒｻ魹ｽﾄｷ魹ｽ魹ｽ魹ｽ魹ｽ魹ｽ east魹ｽ魹ｽ
[10:53:11] <<<     魹ｽ魹ｽ魹ｽ魹ｽ(Hu die)
[10:53:11] <<<     ﾃｷ魹ｽ魹ｽﾂｹ(Meihua lu)
[10:53:11] <<< > 
[10:53:11] <<< 魹ｽ魹ｽﾒ･魹ｽﾔ｡魹ｽﾄｳ魹ｽ魹ｽ: 魹ｽ魹ｽ魹ｽ魹ｽ魹ｽﾗｱ魹ｽ魹ｽ譩ｨ魹ｽ魹ｽ魹ｽﾘｴ魹ｽ魹ｽﾋ｡魹ｽ 
[10:53:20] >>> e
[10:53:20] <<<                     魹ｽ魹ｽ魹ｽ魹ｽ----ﾎｴ魹ｽ魹ｽ魹ｽ魹ｽ----魹ｽ魹ｽﾊｯ魹ｽ魹ｽ    
[10:53:20] <<<                               魹ｽ魹ｽ     
[10:53:20] <<<                            魹ｽ魹ｽﾊｯ魹ｽ魹ｽﾍｷ             
[10:53:20] <<< ﾎｴ魹ｽ魹ｽ魹ｽ魹ｽ - 
[10:53:20] <<<     ﾉｽ魹ｽ魹ｽ魹ｽ魹ｽ魹ｽ魹ｽ魹ｽ魹ｽ魹ｽ魹ｽ魹ｽ魹ｽﾈｴ魹ｽ魹ｽ魹ｽ魹ｽ魹ｽﾐｶ魹ｽﾃｴ魹ｽ魹ｽ魹ｽﾄｵﾄｻ魹ｽ魹ｽ魹ｽ魹ｽﾚｴﾋ｣魹ｽ魹ｽ魹ｽ魹ｽ魹ｽ魹ｽ魹ｽ魹ｽ魹ｽ魹ｽﾅｼ魹ｽ魹ｽ魹ｽﾔｶﾔｶﾆｮ魹ｽ魹ｽ魹ｽﾄｻ魹ｽ魹ｽ罍｣
[10:53:20] <<< 魹ｽ魹ｽ魹ｽ魹ｽ魹ｽ魹ｽ魹ｽ魹ｽ魹ｽ魹ｽﾏｪﾋｮ魹ｽ魹ｽ魹ｽﾋｵ魹ｽ魹ｽ魹ｽ魹ｽ魹ｽ魹ｽ魹ｽﾔｭ魹ｽ魹ｽ魹ｽ魹ｽﾔｶ魹ｽ魹ｽ魹ｽ魹ｽﾒｻ魹ｽ魹ｽ魹ｽ魹ｽ魹ｽﾑｵ魹ｽﾐ｡ﾏｪ(river)魹ｽ魹ｽ魹ｽ魹ｽ魹ｽ魹ｽ魹ｽﾆｺ魹ｽﾉ｢魹ｽ魹ｽ魹ｽ魹ｽﾒｻﾐｩ
[10:53:20] <<< 魹ｽ魹ｽﾊｲ魹ｽ魹ｽ魹ｽ魹ｽﾉｽ魹ｽﾈｵﾄｱ魹ｽ魹ｽ魹ｽ魹ｽ魹ｽ魹ｽ魹ｽ魹ｽ魹ｽ魹ｽﾍｵ魹ｽﾉｽ魹ｽ魹ｽ(path)魹ｽ魹ｽ魹ｽ魹ｽ魹ｽ魹ｽ魹ｽ魹ｽﾍｨ魹ｽ魹ｽ魹ｽ魹ｽ遑｣
[10:53:20] <<<     魹ｽ魹ｽ魹ｽ邏ｺ魹ｽ魹ｽ: 魹ｽ魹ｽ魹ｽ魹ｽﾋ｣魹ｽ魹ｽﾂｷ魹ｽﾑｿ魹ｽ魹ｽﾖｦﾒｶ魹ｽﾚｷ魹ｽ魹ｽ魹ｽ魹ｽ魹ｽ魹ｽﾅｵ魹ｽﾒ｡ﾒｷ魹ｽﾅ｡魹ｽ
[10:53:20] <<<     魹ｽ魹ｽ魹ｽ魹ｽ魹ｽ魹ｽ魹ｽﾔｵﾄｷ魹ｽ魹ｽ魹ｽ魹ｽ魹ｽ east魹ｽ魹ｽwest 魹ｽ魹ｽ south魹ｽ魹ｽ
[10:53:20] <<<     魹ｽ魹ｽﾂｫ(Hu lu)
[10:53:20] <<<     魹ｽ魹ｽﾍｨ魹ｽ魹ｽ魹ｽ魹ｽ 魹ｽ魹ｽ魹ｽﾎｪ魹ｽ魹ｽ(Dlyhui) <魹ｽ魹ｽ魹ｽ魹ｽ魹ｽ魹ｽﾊｮﾒｻ魹ｽ魹ｽ魹ｽ魹ｽ>
[10:53:20] <<<     ﾒｰ魹ｽ魹ｽ(Ye guo)
[10:53:20] <<< > 
[10:53:22] <<< 魹ｽ魹ｽ魹ｽ魹ｽ魹ｽ魹ｽQQﾈｺ魹ｽ魹ｽ魹ｽﾒｻ魹ｽ魹ｽ魹ｽ魹ｽ魹ｽ魹ｽ魹ｽ魹ｽ魹ｽ-ﾒｹ魹ｽ_魹ｽ(xhrhgp)(81908123): 魹ｽ魹ｽﾍｼﾆｬ魹ｽ魹ｽ魹ｽ魹ｽ魹ｽﾊｨ魹ｽ魹ｽﾍｷ魹ｽ魹ｽ魹ｽ魹ｽ魹ｽ魹ｽ魹ｽ魹ｽﾑｽ 
[10:53:26] >>> s
[10:53:26] <<<                             ﾎｴ魹ｽ魹ｽ魹ｽ魹ｽ              
[10:53:26] <<<                               魹ｽ魹ｽ     
[10:53:26] <<<                            魹ｽ魹ｽﾊｯ魹ｽ魹ｽﾍｷ             
[10:53:26] <<< 魹ｽ魹ｽﾊｯ魹ｽ魹ｽﾍｷ - 
[10:53:26] <<<     魹ｽ魹ｽ魹ｽ魹ｽﾒｻ魹ｽ魹ｽ魹ｽ魹ｽ魹ｽﾋｵ魹ｽﾊｯ魹ｽﾅ｡魹ｽ魹ｽ魹ｽ魹ｽ魹ｽ魹ｽ魹ｽﾋｮ魹ｽ魹ｽ魹ｽ魹ｽ魹ｽ魹ｽ魹ｽ魹ｽ魹ｽ魹ｽ魹ｽﾆｺ魹ｽ魹ｽ魹ｽ魹ｽ魹ｽ魹ｽ魹ｽﾖｮ魹ｽ魹ｽ魹ｽ魹ｽﾔｶ魹ｽ魹ｽ魹ｽ魹ｽﾝｼ魹ｽ魹ｽ魹ｽ魹ｽ魹ｽ魹ｽﾘ｣魹ｽ魹ｽ魹ｽ
[10:53:26] <<< 魹ｽ魹ｽﾒｹ魹ｽ魹ｽ魹ｽ魹ｽ魹ｽ魹ｽ魹ｽ魹ｽ魹ｽ魹ｽ魹ｽ魹ｽﾗｶ魹ｽ魹ｽ魹ｽ魹ｽ魹ｽ魹ｽ魹ｽ魹ｽ魹ｽ魹ｽﾞｱﾈ｡魹ｽ魹ｽ魹ｽﾖｪ魹ｽ魹ｽ魹ｽ魹ｽﾃｴ魹ｽ魹ｽ魹ｽ魹ｽﾒｻ魹ｽ魹ｽ魹ｽ魹ｽ魹ｽ魹ｽ魹ｽ顥ｬ魹ｽﾆｺ魹ｽ魹ｽ魹ｽ魹ｽ魹ｽ魹ｽ魹ｽﾓ｢魹ｽﾛｴ魹ｽ魹ｽ魹ｽ
[10:53:26] <<< 魹ｽ魹ｽ魹ｽ魹ｽ魹ｽﾎｺﾍｱ魹ｽ魹ｽ魹ｽﾖｮ魹ｽﾐ｡魹ｽ
[10:53:26] <<<     魹ｽ魹ｽ魹ｽ邏ｺ魹ｽ魹ｽ: 魹ｽ魹ｽ魹ｽ魹ｽﾋ｣魹ｽ魹ｽﾂｷ魹ｽﾑｿ魹ｽ魹ｽﾖｦﾒｶ魹ｽﾚｷ魹ｽ魹ｽ魹ｽ魹ｽ魹ｽ魹ｽﾅｵ魹ｽﾒ｡ﾒｷ魹ｽﾅ｡魹ｽ
[10:53:26] <<<     魹ｽ魹ｽ魹ｽ魹ｽﾎｨﾒｻ魹ｽﾄｷ魹ｽ魹ｽ魹ｽ魹ｽ魹ｽ north魹ｽ魹ｽ
[10:53:26] <<< > 
[10:53:31] >>> look
[10:53:31] <<<                             ﾎｴ魹ｽ魹ｽ魹ｽ魹ｽ              
[10:53:31] <<<                               魹ｽ魹ｽ     
[10:53:31] <<<                            魹ｽ魹ｽﾊｯ魹ｽ魹ｽﾍｷ             
[10:53:31] <<< 魹ｽ魹ｽﾊｯ魹ｽ魹ｽﾍｷ - 
[10:53:31] <<<     魹ｽ魹ｽ魹ｽ魹ｽﾒｻ魹ｽ魹ｽ魹ｽ魹ｽ魹ｽﾋｵ魹ｽﾊｯ魹ｽﾅ｡魹ｽ魹ｽ魹ｽ魹ｽ魹ｽ魹ｽ魹ｽﾋｮ魹ｽ魹ｽ魹ｽ魹ｽ魹ｽ魹ｽ魹ｽ魹ｽ魹ｽ魹ｽ魹ｽﾆｺ魹ｽ魹ｽ魹ｽ魹ｽ魹ｽ魹ｽ魹ｽﾖｮ魹ｽ魹ｽ魹ｽ魹ｽﾔｶ魹ｽ魹ｽ魹ｽ魹ｽﾝｼ魹ｽ魹ｽ魹ｽ魹ｽ魹ｽ魹ｽﾘ｣魹ｽ魹ｽ魹ｽ
[10:53:31] <<< 魹ｽ魹ｽﾒｹ魹ｽ魹ｽ魹ｽ魹ｽ魹ｽ魹ｽ魹ｽ魹ｽ魹ｽ魹ｽ魹ｽ魹ｽﾗｶ魹ｽ魹ｽ魹ｽ魹ｽ魹ｽ魹ｽ魹ｽ魹ｽ魹ｽ魹ｽﾞｱﾈ｡魹ｽ魹ｽ魹ｽﾖｪ魹ｽ魹ｽ魹ｽ魹ｽﾃｴ魹ｽ魹ｽ魹ｽ魹ｽﾒｻ魹ｽ魹ｽ魹ｽ魹ｽ魹ｽ魹ｽ魹ｽ顥ｬ魹ｽﾆｺ魹ｽ魹ｽ魹ｽ魹ｽ魹ｽ魹ｽ魹ｽﾓ｢魹ｽﾛｴ魹ｽ魹ｽ魹ｽ
[10:53:31] <<< 魹ｽ魹ｽ魹ｽ魹ｽ魹ｽﾎｺﾍｱ魹ｽ魹ｽ魹ｽﾖｮ魹ｽﾐ｡魹ｽ
[10:53:31] <<<     魹ｽ魹ｽ魹ｽ魹ｽﾔｿ魹ｽ魹ｽ魹ｽ(look):魹ｽ魹ｽair魹ｽ魹ｽ魹ｽ魹ｽ
[10:53:31] <<<     魹ｽ魹ｽ魹ｽ邏ｺ魹ｽ魹ｽ: 魹ｽ魹ｽ魹ｽ魹ｽ魹ｽ魹ｽ魹ｽ魹ｽ魹ｽ魹ｽ魹ｽ魹ｽ魹ｽ魹ｽ魹ｽ魹ｽﾆｮ魹ｽ魹ｽ魹ｽﾅ｣魹ｽ魹ｽ魹ｽﾘｽ魹ｽ魹ｽ魹ｽ魹ｽ魹ｽ魹ｽ魹ｽ魹ｽ魹ｽ魹ｽ魹ｽﾉｫ魹ｽ魹ｽ
[10:53:31] <<<     魹ｽ魹ｽ魹ｽ魹ｽﾎｨﾒｻ魹ｽﾄｷ魹ｽ魹ｽ魹ｽ魹ｽ魹ｽ north魹ｽ魹ｽ
[10:53:31] <<< > 
[10:53:35] <<< 魹ｽ魹ｽ魹ｽ魹ｽ魹ｽ魹ｽQQﾈｺ魹ｽ魹ｽ魹ｽ魹ｽ魹ｽ魹ｽ魹ｽ-魹ｽ魹ｽ魹ｽ魹ｽﾊｦﾌｫ(wjl)(2100443138): 魹ｽ魹ｽ魹ｽﾘｸ魹ｽ@魹ｽﾒｻ魹ｽ魹ｽ魹ｽ魹ｽ魹ｽ魹ｽ魹ｽ魹ｽ魹ｽ-ﾒｹ魹ｽ_魹ｽ(xhrhgp) (81908123)魹ｽ魹ｽ[ﾍｼﾆｬ] 魹ｽ魹ｽ魹ｽﾊｨ魹ｽ魹ｽﾍｷ魹ｽ魹ｽ魹ｽ魹ｽ魹ｽ魹ｽ魹ｽ魹ｽﾑｽ魹ｽ魹ｽ 魹ｽ魹ｽﾖｪ魹ｽ魹ｽ @('_')@
[10:53:35] >>> air
[10:53:36] <<< ﾊｲﾃｴ魹ｽ魹ｽ
[10:53:36] <<< > 
[10:53:39] >>> look air
[10:53:39] <<< 魹ｽ魹ｽﾒｪ魹ｽ魹ｽﾊｲﾃｴ魹ｽ魹ｽ
[10:53:39] <<< > 
[10:53:43] <<< 魹ｽ魹ｽ魹ｽ魹ｽ魹ｽ魹ｽQQﾈｺ魹ｽ魹ｽ魹ｽ魹ｽ魹ｽ魹ｽ魹ｽ魹ｽ魹ｽ魹ｽﾋ｡魹ｽ ﾌｫ魹ｽ魹ｽ魹ｽ魹ｽ-魹ｽ魹ｽ魹ｽ魹ｽ魹ｽ魹ｽ魹ｽﾓｹ魹ｽ(Foolish)(1085921834): 10G魹ｽ魹ｽ魹ｽ魹ｽ魹ｽ魹ｽ { O v O }
[10:53:43] <<< 魹ｽ魹ｽ魹ｽ魹ｽ魹ｽ魹ｽQQﾈｺ魹ｽ魹ｽ魹ｽ魹ｽ魹ｽ魹ｽ魹ｽ-魹ｽ魹ｽ魹ｽ魹ｽﾊｦﾌｫ(wjl)(2100443138): 魹ｽ魹ｽﾈ･魹ｽ魹ｽ魹ｽ魹ｽ @('_')@
[10:53:52] >>> i
[10:53:52] <<< 魹ｽ魹ｽ魹ｽ魹ｽ魹ｽ魹ｽ魹ｽ魹ｽ魹ｽ魹ｽ魹ｽ魹ｽ魹ｽ魹ｽ魹ｽ魹ｽ魹ｽ魹ｽ魹ｽ魹ｽ魹ｽ魹ｽ魹ｽ魹ｽ魹ｽ魹ｽ魹ｽ魹ｽ魹ｽ魹ｽ魹ｽ魹ｽ魹ｽ魹ｽ魹ｽ魹ｽ魹ｽ魹ｽ魹ｽ魹ｽ魹ｽ魹ｽ魹ｽ魹ｽ魹ｽ魹ｽ魹ｽ魹ｽ魹ｽ魹ｽ魹ｽ魹ｽ魹ｽ魹ｽ魹ｽ魹ｽ魹ｽ魹ｽ魹ｽ魹ｽ魹ｽ魹ｽ魹ｽ魹ｽ魹ｽ魹ｽ魹ｽ魹ｽ魹ｽ魹ｽ魹ｽ魹ｽ魹ｽ魹ｽ魹ｽ魹ｽ魹ｽ魹ｽ魹ｽ魹ｽ
[10:53:52] <<< 魹ｽ魹ｽ魹ｽ羯ｲﾐｯ魹ｽ魹ｽ魹ｽ魹ｽ魹ｽ魹ｽ魹ｽ魹ｽ顥ｬ魹ｽ魹ｽ魹ｽ魹ｽﾔｼ魹ｽ魹ｽ魹ｽ顥ｬ魹ｽﾉｺ魹ｽ魹ｽﾔｲ魹ｽ魹ｽﾆ｡魹ｽ                                  魹ｽ魹ｽ
[10:53:52] <<< 魹ｽ魹ｽ魹ｽ魹ｽ魹ｽ魹ｽ魹ｽ魹ｽ魹ｽ魹ｽ魹ｽ魹ｽ魹ｽ魹ｽ魹ｽ魹ｽ魹ｽ魹ｽ魹ｽ魹ｽ魹ｽ魹ｽ魹ｽ魹ｽ魹ｽ魹ｽ魹ｽ魹ｽ魹ｽ魹ｽ魹ｽ魹ｽ魹ｽ魹ｽ魹ｽ魹ｽ[ﾗｰ  魹ｽ魹ｽ]魹ｽ魹ｽ魹ｽ魹ｽ魹ｽ魹ｽ魹ｽ魹ｽ魹ｽ魹ｽ魹ｽ魹ｽ魹ｽ魹ｽ魹ｽ魹ｽ魹ｽ魹ｽ魹ｽ魹ｽ魹ｽ魹ｽ魹ｽ魹ｽ魹ｽ魹ｽ魹ｽ魹ｽ魹ｽ魹ｽ魹ｽ魹ｽ魹ｽ魹ｽ魹ｽ魹ｽ
[10:53:52] <<< 魹ｽ魹ｽ                       -- [ﾃｱ魹ｽ魹ｽ]   魹ｽz魹ｽ}魹ｽz   [魹ｽ魹ｽ魹ｽ魹ｽ] --                       魹ｽ魹ｽ
[10:53:52] <<< 魹ｽ魹ｽ                       -- [魹ｽ魹ｽ魹ｽ魹ｽ]    -  -    [魹ｽ魹ｽ魹ｽ魹ｽ] --                       魹ｽ魹ｽ
[10:53:52] <<< 魹ｽ魹ｽ                       -- [魹ｽ魹ｽ魹ｽ魹ｽ]   魹ｽy魹ｽ魹ｽ魹ｽy 魹ｽ魹ｽ[魹ｽ魹ｽ魹ｽ魹ｽ] --                       魹ｽ魹ｽ
[10:53:52] <<< 魹ｽ魹ｽ                       -- [魹ｽ魹ｽ魹ｽ魹ｽ] 魹ｽ|      魹ｽ魹ｽ [魹ｽ魹ｽ魹ｽ魹ｽ] --                       魹ｽ魹ｽ
[10:53:52] <<< 魹ｽ魹ｽ          魹ｽ魹ｽ魹ｽ魹ｽ魹ｽ魹ｽ魹ｽ魹ｽ   (+1) [魹ｽﾂｷ魹ｽ] 魹ｽ魹ｽ      魹ｽ{ [魹ｽ魹ｽ魹ｽ魹ｽ] --                       魹ｽ魹ｽ
[10:53:52] <<< 魹ｽ魹ｽ                       -- [魹ｽ魹ｽ魹ｽ魹ｽ] 魹ｽ魹ｽ         [魹ｽ魹ｽ魹ｽ魹ｽ] --                       魹ｽ魹ｽ
[10:53:52] <<< 魹ｽ魹ｽ                       -- [魹ｽ魹ｽ魹ｽ魹ｽ]            [魹ｽ魹ｽ魹ｽ魹ｽ] --                       魹ｽ魹ｽ
[10:53:52] <<< 魹ｽ魹ｽ                       -- [魹ｽ魹ｽ魹ｽ魹ｽ] 魹ｽ{魹ｽ{  魹ｽ{魹ｽ{ [ﾐｬ魹ｽ魹ｽ][2;37
[10:53:52] <<< ;0m ﾆ､ﾑ･                     魹ｽ魹ｽ
[10:53:52] <<< 魹ｽ魹ｽ魹ｽ魹ｽ魹ｽ魹ｽ魹ｽ魹ｽ魹ｽ魹ｽ魹ｽ魹ｽ魹ｽ魹ｽ魹ｽ魹ｽ魹ｽ魹ｽ魹ｽ魹ｽ魹ｽ魹ｽ魹ｽ魹ｽ魹ｽ魹ｽ魹ｽ魹ｽ魹ｽ魹ｽ魹ｽ魹ｽ魹ｽ魹ｽ魹ｽ魹ｽ[魹ｽ魹ｽ  ﾆｷ]魹ｽ魹ｽ魹ｽ魹ｽ魹ｽ魹ｽ魹ｽ魹ｽ魹ｽ魹ｽ魹ｽ魹ｽ魹ｽ魹ｽ魹ｽ魹ｽﾒｻ魹ｽ魹ｽ魹ｽ魹ｽ魹ｽﾒ｡魹ｽ魹ｽ魹ｽ魹ｽ魹ｽ魹ｽ魹ｽ魹ｽ魹ｽ魹ｽ魹ｽ
[10:53:52] <<< 魹ｽ魹ｽ [魹ｽ魹ｽ魹ｽ魹ｽ]--                                                          --[魹ｽ魹ｽ魹ｽ魹ｽ] 魹ｽ魹ｽ
[10:53:52] <<< 魹ｽ魹ｽ [魹ｽ魹ｽﾖｸ]--                                                          --[魹ｽ魹ｽﾖｸ] 魹ｽ魹ｽ
[10:53:52] <<< 魹ｽ魹ｽ魹ｽ魹ｽ魹ｽ魹ｽ魹ｽ魹ｽ魹ｽ魹ｽ魹ｽ魹ｽ魹ｽ魹ｽ魹ｽ魹ｽ魹ｽ魹ｽ魹ｽ魹ｽ魹ｽ魹ｽ魹ｽ魹ｽ魹ｽ魹ｽ魹ｽ魹ｽ魹ｽ魹ｽ魹ｽ魹ｽ魹ｽ魹ｽ魹ｽ魹ｽ[ﾊｳ  魹ｽ魹ｽ]魹ｽ魹ｽ魹ｽ魹ｽ魹ｽ魹ｽ魹ｽ魹ｽ魹ｽ魹ｽ魹ｽ魹ｽ魹ｽ魹ｽ魹ｽ魹ｽ魹ｽ魹ｽ魹ｽ魹ｽ魹ｽ魹ｽ魹ｽ魹ｽ魹ｽ魹ｽ魹ｽ魹ｽ魹ｽ魹ｽ魹ｽ魹ｽ魹ｽ魹ｽ魹ｽ魹ｽ
[10:53:52] <<< 魹ｽ魹ｽ魹ｽ魹ｽﾂｫ(Hu lu)              ﾒｰ魹ｽ魹ｽ(Ye guo)                                       魹ｽ魹ｽ
[10:53:52] <<< 魹ｽ魹ｽ魹ｽ魹ｽ魹ｽ魹ｽ魹ｽ魹ｽ魹ｽ魹ｽ魹ｽ魹ｽ魹ｽ魹ｽ魹ｽ魹ｽ魹ｽ魹ｽ魹ｽ魹ｽ魹ｽ魹ｽ魹ｽ魹ｽ魹ｽ魹ｽ魹ｽ魹ｽ魹ｽ魹ｽ魹ｽ魹ｽ魹ｽ魹ｽ魹ｽ魹ｽ魹ｽ魹ｽ魹ｽ魹ｽ魹ｽ魹ｽ魹ｽ魹ｽ魹ｽ魹ｽ魹ｽ魹ｽ魹ｽ魹ｽ魹ｽ魹ｽ魹ｽ魹ｽ魹ｽ魹ｽ魹ｽ魹ｽ魹ｽ魹ｽ魹ｽ魹ｽ魹ｽ魹ｽ魹ｽ魹ｽ魹ｽ魹ｽ魹ｽﾐｩ魹ｽ魹ｽ魹ｽ魹ｽ魹ｽ魹ｽ魹ｽ魹ｽ魹ｽ
[10:53:52] <<< > 
[10:53:56] <<< 魹ｽ魹ｽ魹ｽ魹ｽ魹ｽ魹ｽQQﾈｺ魹ｽ魹ｽ魹ｽ魹ｽ魹ｽ魹ｽ魹ｽ魹ｽ魹ｽ魹ｽﾋ｡魹ｽ ﾌｫ魹ｽ魹ｽ魹ｽ魹ｽ-魹ｽ魹ｽ魹ｽ魹ｽ魹ｽ魹ｽ魹ｽﾓｹ魹ｽ(Foolish)(1085921834): 魹ｽ魹ｽ魹ｽ魹ｽﾃｴ魹ｽ魹ｽﾋｵ魹ｽ魹ｽ { O v O }
[10:53:58] <<< 魹ｽ魹ｽ魹ｽ魹ｽ魹ｽ魹ｽQQﾈｺ魹ｽ魹ｽ魹ｽﾒｻ魹ｽ魹ｽ魹ｽ魹ｽ魹ｽ魹ｽ魹ｽ魹ｽ魹ｽ-ﾒｹ魹ｽ_魹ｽ(xhrhgp)(81908123): ﾅｶ魹ｽ魹ｽ魹ｽ魹ｽ魹ｽ魹ｽ魹ｽﾄｸ魹ｽ魹ｽ魹ｽ魹ｽ魹ｽ 
[10:54:00] <<< 魹ｽ魹ｽ魹ｽ魹ｽ魹ｽ魹ｽQQﾈｺ魹ｽ魹ｽ魹ｽ魹ｽ魹ｽ魹ｽ魹ｽ-魹ｽ魹ｽ魹ｽ魹ｽﾊｦﾌｫ(wjl)(2100443138): ﾏｲ魹ｽ魹ｽ魹ｽ魹ｽ魹ｽ魹ｽ魹ｽ魹ｽ @('_')@
[10:54:01] <<< 魹ｽ魹ｽ魹ｽ魹ｽ魹ｽ魹ｽQQﾈｺ魹ｽ魹ｽ魹ｽ魹ｽ魹ｽ魹ｽ魹ｽ魹ｽ魹ｽ魹ｽﾋ｡魹ｽ ﾌｫ魹ｽ魹ｽ魹ｽ魹ｽ-魹ｽ魹ｽ魹ｽ魹ｽ魹ｽ魹ｽ魹ｽﾓｹ魹ｽ(Foolish)(1085921834): 魹ｽ魹ｽ魹ｽﾕｷﾑｰ魹ｽ魹ｽ魹ｽ { O v O }
[10:54:06] <<< 魹ｽ魹ｽ魹ｽ魹ｽ魹ｽ魹ｽQQﾈｺ魹ｽ魹ｽ魹ｽ魹ｽ魹ｽ魹ｽ魹ｽ-魹ｽ魹ｽ魹ｽ魹ｽﾊｦﾌｫ(wjl)(2100443138): 魹ｽ魹ｽﾒｽﾏｲ魹ｽ魹ｽ魹ｽ魹ｽ @('_')@
[10:54:08] >>> hp
[10:54:08] <<< 魹ｽ魹ｽ魹ｽ魹ｽ魹ｽ魹ｽ魹ｽ魹ｽ魹ｽ魹ｽ魹ｽ魹ｽﾗｴﾌｬ魹ｽ魹ｽ魹ｽ魹ｽ魹ｽ魹ｽ魹ｽ魹ｽ魹ｽ魹ｽ魹ｽ魹ｽ魹ｽ魹ｽ魹ｽ魹ｽ魹ｽ魹ｽ魹ｽ魹ｽ魹ｽ魹ｽ魹ｽ魹ｽ魹ｽﾐｩ魹ｽ魹ｽ魹ｽ魹ｽ魹ｽ魹ｽ魹ｽ魹ｽ魹ｽ魹ｽ魹ｽ魹ｽ魹ｽ魹ｽ魹ｽ魹ｽ魹ｽ魹ｽ魹ｽ魹ｽ魹ｽ魹ｽ魹ｽ魹ｽ魹ｽ魹ｽ魹ｽ魹ｽ魹ｽ魹ｽ魹ｽ魹ｽ魹ｽ魹ｽ魹ｽ魹ｽ魹ｽ
[10:54:08] <<< 魹ｽ魹ｽ魹ｽ魹ｽ魹ｽ魹ｽ魹ｽ魹ｽ 125     / 125      [100%]    魹ｽ魹ｽ魹ｽ魹ｽ魹ｽ魹ｽ魹ｽ魹ｽ魹ｽ魹ｽ 917     / 100     (+   0)  魹ｽ魹ｽ
[10:54:08] <<< 魹ｽ魹ｽ魹ｽ魹ｽ魹ｽ魹ｽﾑｪ魹ｽ魹ｽ 100     / 100      [100%]    魹ｽ魹ｽ魹ｽ魹ｽ魹ｽ魹ｽ魹ｽ魹ｽ魹ｽ魹ｽ 0       / 0       (+   0)  魹ｽ魹ｽ
[10:54:08] <<< 魹ｽ魹ｽ魹ｽ魹ｽ魹ｽ魹ｽ魹ｽ魹ｽ魹ｽ魹ｽ 0       / 0        [  0%]    魹ｽ魹ｽ魹ｽ魹ｽﾕｽ魹ｽ筍ｿ 33%                [魹ｽ魹ｽ魹ｽ魹ｽ]  魹ｽ魹ｽ
[10:54:08] <<< 魹ｽ魹ｽ魹ｽ魹ｽﾊｳ魹ｽ顚ｿ 369     / 300      [魹ｽﾜｱ魹ｽ]    魹ｽ魹ｽ魹ｽ魹ｽﾇｱ魹ｽﾜ｡魹ｽ 898                        魹ｽ魹ｽ
[10:54:08] <<< 魹ｽ魹ｽ魹ｽ魹ｽ魹ｽ魹ｽﾋｮ魹ｽ魹ｽ 309     / 300      [魹ｽﾜｱ魹ｽ]    魹ｽ魹ｽ魹ｽ魹ｽ魹ｽ魹ｽ魹ｽ鬘ｿ 40                         魹ｽ魹ｽ
[10:54:08] <<< 魹ｽ魹ｽ魹ｽ魹ｽ魹ｽ魹ｽ魹ｽ魹ｽ魹ｽ魹ｽ魹ｽ魹ｽ魹ｽ魹ｽ魹ｽ魹ｽ魹ｽ魹ｽ魹ｽ魹ｽ魹ｽ魹ｽ魹ｽ魹ｽ魹ｽ魹ｽ魹ｽ魹ｽ魹ｽ魹ｽ魹ｽ魹ｽ魹ｽ魹ｽ魹ｽ魹ｽ魹ｽ魹ｽ魹ｽ魹ｽ魹ｽﾘｩ魹ｽ魹ｽ魹ｽ魹ｽ魹ｽ魹ｽ魹ｽ魹ｽ魹ｽ魹ｽ魹ｽ魹ｽ魹ｽ魹ｽ魹ｽ魹ｽ魹ｽ魹ｽ魹ｽ魹ｽ魹ｽ魹ｽ魹ｽ魹ｽ魹ｽ魹ｽ魹ｽ魹ｽ魹ｽ魹ｽ魹ｽ魹ｽ魹ｽ魹ｽ魹ｽ魹ｽ魹ｽ
[10:54:08] <<< 魹ｽ魹ｽ魹ｽ魹ｽﾗｴﾌｬ魹ｽ魹ｽ 魹ｽ魹ｽ魹ｽ魹ｽ魹ｽ魹ｽ魹ｽ魹ｽ魹ｽ魹ｽﾆ｣魹ｽ魹ｽ                                                     魹ｽ魹ｽ
[10:54:08] <<< 魹ｽ魹ｽ魹ｽ魹ｽ魹ｽ魹ｽ魹ｽ魹ｽ魹ｽ魹ｽ魹ｽ魹ｽ魹ｽ魹ｽ魹ｽ魹ｽ魹ｽ魹ｽ魹ｽ魹ｽ魹ｽ魹ｽ魹ｽ魹ｽ魹ｽ魹ｽ魹ｽ魹ｽ魹ｽ魹ｽ魹ｽ魹ｽ魹ｽ魹ｽ魹ｽ魹ｽ魹ｽ魹ｽ魹ｽ魹ｽ魹ｽ魹ｽ魹ｽ魹ｽ魹ｽ魹ｽ魹ｽ魹ｽ魹ｽ魹ｽ魹ｽ魹ｽ魹ｽ魹ｽ魹ｽ魹ｽ魹ｽ魹ｽ魹ｽ魹ｽ魹ｽ魹ｽ魹ｽ魹ｽ魹ｽ魹ｽ魹ｽ魹ｽ魹ｽﾐｩ魹ｽ魹ｽ魹ｽ魹ｽ魹ｽ魹ｽ魹ｽ魹ｽ魹ｽ
[10:54:08] <<< > 
[10:54:18] <<< 魹ｽ魹ｽ魹ｽ魹ｽ魹ｽ魹ｽQQﾈｺ魹ｽ魹ｽ魹ｽﾒｻ魹ｽ魹ｽ魹ｽ魹ｽ魹ｽ魹ｽ魹ｽ魹ｽ魹ｽ-ﾒｹ魹ｽ_魹ｽ(xhrhgp)(81908123): 魹ｽ魹ｽﾍｼﾆｬ魹ｽ魹ｽ魹ｽ魹ｽ魹ｽ魹ｽﾇｲ魹ｽ魹ｽ魹ｽ魹ｽ魹ｽ魹ｽ魹ｽﾋｮ魹ｽﾄ｣魹ｽ 
[10:55:11] >>> quit
[10:55:11] <<<                魹ｽ魹ｽ魹ｽ魹ｽ魹ｽﾐｩ魹ｽ魹ｽﾐｩ魹ｽ魹ｽﾐｩ魹ｽ魹ｽﾐｩ魹ｽ魹ｽﾐｩ魹ｽ魹ｽﾐｩ魹ｽ魹ｽﾐｩ魹ｽ魹ｽﾐｩ魹ｽ魹ｽﾐｩ魹ｽ魹ｽ魹ｽ                
[10:55:11] <<<                魹ｽ魹ｽ魹ｽ魹ｽ魹ｽ魹ｽ魹ｽ魹ｽ魹ｽ魹ｽ魹ｽﾋｩ魹ｽ魹ｽ爻ｦ魹ｽ魹ｽ魹ｽ魹ｽ魹ｽ茫ｦ魹ｽ馞ｦ魹ｽ馞ｦ魹ｽ魹ｽ魹ｽ魹ｽ魹ｽ魹ｽ魹ｽ魹ｽ                
[10:55:11] <<<                魹ｽ魹ｽ魹ｽ魹ｽ魹ｽ魹ｽ魹ｽ魹ｽ魹ｽ魹ｽﾊｱ魹ｽ魹ｽﾋｼ魹ｽ魹ｽﾑｻ魹ｽ魹ｽﾒｶ魹ｽ魹ｽ魹ｽﾂｩ魹ｽ魹ｽ遨ｦ魹ｽ魹ｽ魹ｽ魹ｽ魹ｽ魹ｽ魹ｽ魹ｽ                
[10:55:11] <<<                魹ｽ魹ｽ魹ｽ魹ｽ魹ｽ魹ｽ魹ｽ魹ｽ魹ｽ魹ｽ魹ｽﾋｩ魹ｽ魹ｽ爻ｦ魹ｽﾜｩ魹ｽ魹ｽﾛｩ魹ｽ魹ｽ魹ｽ魹ｽ魹ｽ魹ｽ蟀ｦ魹ｽ魹ｽ魹ｽ魹ｽ魹ｽ魹ｽ魹ｽ魹ｽ                
[10:55:11] <<<                魹ｽ魹ｽ魹ｽ魹ｽ魹ｽ魹ｽ魹ｽ魹ｽ魹ｽ魹ｽﾒｹ魹ｽ魹ｽ魹ｽ魹ｽ魹ｽ魹ｽ魹ｽ魹ｽ魹ｽ魹ｽ魹ｽ魹ｽ魹ｽ魹ｽ  魹ｽ魹ｽ  魹ｽ魹ｽ魹ｽ魹ｽ魹ｽ魹ｽ魹ｽ魹ｽ魹ｽ魹ｽ                
[10:55:11] <<<                魹ｽ魹ｽ魹ｽ魹ｽ魹ｽ魹ｽ魹ｽ魹ｽ魹ｽ魹ｽ魹ｽﾑｩ魹ｽﾖｪ魹ｽ魹ｽ魹ｽ魹ｽ魹ｽ魹ｽﾉ｢魹ｽ魹ｽ魹ｽ魹ｽ魹ｽ魹ｽ魹ｽ魹ｽ魹ｽ魹ｽ魹ｽ魹ｽ魹ｽ魹ｽ魹ｽ魹ｽ魹ｽ魹ｽ                
[10:55:11] <<<                魹ｽ魹ｽ魹ｽ魹ｽ魹ｽ魹ｽ魹ｽ魹ｽ魹ｽ魹ｽﾎｪ魹ｽ魹ｽ魹ｽﾎｩ魹ｽ  魹ｽ魹ｽ  魹ｽ魹ｽ魹ｽ魹ｽ魹ｽ魹ｽ魹ｽ魹ｽ魹ｽ魹ｽ魹ｽ魹ｽ魹ｽ魹ｽ魹ｽ魹ｽ魹ｽ魹ｽ                
[10:55:11] <<<                魹ｽ魹ｽ魹ｽ魹ｽ魹ｽ魹ｽ魹ｽ魹ｽ魹ｽ魹ｽ魹ｽ鬩ｦ魹ｽﾕｩ魹ｽ魹ｽ魹ｽ魹ｽ魹ｽ魹ｽ魹ｽ魹ｽ魹ｽ魹ｽ魹ｽ魹ｽ魹ｽ魹ｽ魹ｽ魹ｽ魹ｽ魹ｽ魹ｽ魹ｽ魹ｽ魹ｽ魹ｽ魹ｽ魹ｽ                
[10:55:11] <<<                魹ｽ魹ｽ魹ｽ魹ｽ魹ｽﾘｩ魹ｽ魹ｽﾘｩ魹ｽ魹ｽﾘｩ魹ｽ魹ｽﾘｩ魹ｽ魹ｽﾘｩ魹ｽ魹ｽﾘｩ魹ｽ魹ｽﾘｩ魹ｽ魹ｽﾘｩ魹ｽ魹ｽﾘｩ魹ｽ魹ｽ魹ｽ                
